{ time: [34m08-05-2022 20:23:00[39m level: [31merror[39m message: Missing required parameter - public_id stack: undefined }
{ time: [34m08-05-2022 20:26:52[39m level: [31merror[39m message: Missing required parameter - public_id stack: undefined }
{ time: [34m08-05-2022 20:40:12[39m level: [31merror[39m message: Missing required parameter - public_id stack: undefined }
{ time: [34m08-05-2022 20:47:17[39m level: [31merror[39m message: Missing required parameter - public_id stack: undefined }
{ time: [34m08-05-2022 20:48:37[39m level: [31merror[39m message: Missing required parameter - public_id stack: undefined }
{ time: [34m08-05-2022 20:50:03[39m level: [31merror[39m message: Missing required parameter - public_id stack: undefined }
{ time: [34m08-05-2022 21:08:40[39m level: [31merror[39m message: undefined stack: undefined }
{ time: [34m12-05-2022 12:44:33[39m level: [31merror[39m message: Operation `products.distinct()` buffering timed out after 10000msOperation `products.distinct()` buffering timed out after 10000ms stack: MongooseError: Operation `products.distinct()` buffering timed out after 10000ms
    at Timeout.<anonymous> (C:\CREDITCLAN\MY_PROJECT\mern_stack\server\node_modules\mongoose\lib\drivers\node-mongodb-native\collection.js:151:23)
    at listOnTimeout (internal/timers.js:554:17)
    at processTimers (internal/timers.js:497:7) }
{ time: [34m12-05-2022 12:45:01[39m level: [31merror[39m message: Operation `orders.findOne()` buffering timed out after 10000msOperation `orders.findOne()` buffering timed out after 10000ms stack: MongooseError: Operation `orders.findOne()` buffering timed out after 10000ms
    at Timeout.<anonymous> (C:\CREDITCLAN\MY_PROJECT\mern_stack\server\node_modules\mongoose\lib\drivers\node-mongodb-native\collection.js:151:23)
    at listOnTimeout (internal/timers.js:554:17)
    at processTimers (internal/timers.js:497:7) }
{ time: [34m12-05-2022 12:45:01[39m level: [31merror[39m message: Operation `products.distinct()` buffering timed out after 10000msOperation `products.distinct()` buffering timed out after 10000ms stack: MongooseError: Operation `products.distinct()` buffering timed out after 10000ms
    at Timeout.<anonymous> (C:\CREDITCLAN\MY_PROJECT\mern_stack\server\node_modules\mongoose\lib\drivers\node-mongodb-native\collection.js:151:23)
    at listOnTimeout (internal/timers.js:554:17)
    at processTimers (internal/timers.js:497:7) }
{ time: [34m12-05-2022 12:45:11[39m level: [31merror[39m message: Operation `products.distinct()` buffering timed out after 10000msOperation `products.distinct()` buffering timed out after 10000ms stack: MongooseError: Operation `products.distinct()` buffering timed out after 10000ms
    at Timeout.<anonymous> (C:\CREDITCLAN\MY_PROJECT\mern_stack\server\node_modules\mongoose\lib\drivers\node-mongodb-native\collection.js:151:23)
    at listOnTimeout (internal/timers.js:554:17)
    at processTimers (internal/timers.js:497:7) }
{ time: [34m12-05-2022 12:46:22[39m level: [31merror[39m message: Operation `products.distinct()` buffering timed out after 10000msOperation `products.distinct()` buffering timed out after 10000ms stack: MongooseError: Operation `products.distinct()` buffering timed out after 10000ms
    at Timeout.<anonymous> (C:\CREDITCLAN\MY_PROJECT\mern_stack\server\node_modules\mongoose\lib\drivers\node-mongodb-native\collection.js:151:23)
    at listOnTimeout (internal/timers.js:554:17)
    at processTimers (internal/timers.js:497:7) }
{ time: [34m12-05-2022 12:46:50[39m level: [31merror[39m message: Operation `products.distinct()` buffering timed out after 10000msOperation `products.distinct()` buffering timed out after 10000ms stack: MongooseError: Operation `products.distinct()` buffering timed out after 10000ms
    at Timeout.<anonymous> (C:\CREDITCLAN\MY_PROJECT\mern_stack\server\node_modules\mongoose\lib\drivers\node-mongodb-native\collection.js:151:23)
    at listOnTimeout (internal/timers.js:554:17)
    at processTimers (internal/timers.js:497:7) }
{ time: [34m12-05-2022 12:46:55[39m level: [31merror[39m message: Operation `products.distinct()` buffering timed out after 10000msOperation `products.distinct()` buffering timed out after 10000ms stack: MongooseError: Operation `products.distinct()` buffering timed out after 10000ms
    at Timeout.<anonymous> (C:\CREDITCLAN\MY_PROJECT\mern_stack\server\node_modules\mongoose\lib\drivers\node-mongodb-native\collection.js:151:23)
    at listOnTimeout (internal/timers.js:554:17)
    at processTimers (internal/timers.js:497:7) }
{ time: [34m23-06-2022 16:34:23[39m level: [31merror[39m message: Cast to Number failed for value "function onError(error) {    console.log("what to do if data fetching failed");    console.log(error.message);    setInterval(false);  }" (type string) at path "limit"Cast to Number failed for value "function onError(error) {    console.log("what to do if data fetching failed");    console.log(error.message);    setInterval(false);  }" (type string) at path "limit" stack: CastError: Cast to Number failed for value "function onError(error) {    console.log("what to do if data fetching failed");    console.log(error.message);    setInterval(false);  }" (type string) at path "limit"
    at model.Query.limit (C:\CREDITCLAN\MY_PROJECT\mern_stack\server\node_modules\mongoose\lib\query.js:816:13)
    at exports.getPaginatedTask (C:\CREDITCLAN\MY_PROJECT\mern_stack\server\controllers\task.controller.js:72:6)
    at C:\CREDITCLAN\MY_PROJECT\mern_stack\server\node_modules\express-async-errors\index.js:17:20
    at Layer.handle [as handle_request] (C:\CREDITCLAN\MY_PROJECT\mern_stack\server\node_modules\express\lib\router\layer.js:95:5)
    at next (C:\CREDITCLAN\MY_PROJECT\mern_stack\server\node_modules\express\lib\router\route.js:137:13)
    at Route.dispatch (C:\CREDITCLAN\MY_PROJECT\mern_stack\server\node_modules\express\lib\router\route.js:112:3)
    at C:\CREDITCLAN\MY_PROJECT\mern_stack\server\node_modules\express-async-errors\index.js:17:20
    at Layer.handle [as handle_request] (C:\CREDITCLAN\MY_PROJECT\mern_stack\server\node_modules\express\lib\router\layer.js:95:5)
    at C:\CREDITCLAN\MY_PROJECT\mern_stack\server\node_modules\express\lib\router\index.js:281:22
    at Function.process_params (C:\CREDITCLAN\MY_PROJECT\mern_stack\server\node_modules\express\lib\router\index.js:341:12) }
{ time: [34m23-06-2022 16:34:23[39m level: [31merror[39m message: Cast to Number failed for value "function onError(error) {    console.log("what to do if data fetching failed");    console.log(error.message);    setInterval(false);  }" (type string) at path "limit"Cast to Number failed for value "function onError(error) {    console.log("what to do if data fetching failed");    console.log(error.message);    setInterval(false);  }" (type string) at path "limit" stack: CastError: Cast to Number failed for value "function onError(error) {    console.log("what to do if data fetching failed");    console.log(error.message);    setInterval(false);  }" (type string) at path "limit"
    at model.Query.limit (C:\CREDITCLAN\MY_PROJECT\mern_stack\server\node_modules\mongoose\lib\query.js:816:13)
    at exports.getPaginatedTask (C:\CREDITCLAN\MY_PROJECT\mern_stack\server\controllers\task.controller.js:72:6)
    at C:\CREDITCLAN\MY_PROJECT\mern_stack\server\node_modules\express-async-errors\index.js:17:20
    at Layer.handle [as handle_request] (C:\CREDITCLAN\MY_PROJECT\mern_stack\server\node_modules\express\lib\router\layer.js:95:5)
    at next (C:\CREDITCLAN\MY_PROJECT\mern_stack\server\node_modules\express\lib\router\route.js:137:13)
    at Route.dispatch (C:\CREDITCLAN\MY_PROJECT\mern_stack\server\node_modules\express\lib\router\route.js:112:3)
    at C:\CREDITCLAN\MY_PROJECT\mern_stack\server\node_modules\express-async-errors\index.js:17:20
    at Layer.handle [as handle_request] (C:\CREDITCLAN\MY_PROJECT\mern_stack\server\node_modules\express\lib\router\layer.js:95:5)
    at C:\CREDITCLAN\MY_PROJECT\mern_stack\server\node_modules\express\lib\router\index.js:281:22
    at Function.process_params (C:\CREDITCLAN\MY_PROJECT\mern_stack\server\node_modules\express\lib\router\index.js:341:12) }
{ time: [34m23-06-2022 16:34:23[39m level: [31merror[39m message: Cast to Number failed for value "function onError(error) {    console.log("what to do if data fetching failed");    console.log(error.message);    setInterval(false);  }" (type string) at path "limit"Cast to Number failed for value "function onError(error) {    console.log("what to do if data fetching failed");    console.log(error.message);    setInterval(false);  }" (type string) at path "limit" stack: CastError: Cast to Number failed for value "function onError(error) {    console.log("what to do if data fetching failed");    console.log(error.message);    setInterval(false);  }" (type string) at path "limit"
    at model.Query.limit (C:\CREDITCLAN\MY_PROJECT\mern_stack\server\node_modules\mongoose\lib\query.js:816:13)
    at exports.getPaginatedTask (C:\CREDITCLAN\MY_PROJECT\mern_stack\server\controllers\task.controller.js:72:6)
    at C:\CREDITCLAN\MY_PROJECT\mern_stack\server\node_modules\express-async-errors\index.js:17:20
    at Layer.handle [as handle_request] (C:\CREDITCLAN\MY_PROJECT\mern_stack\server\node_modules\express\lib\router\layer.js:95:5)
    at next (C:\CREDITCLAN\MY_PROJECT\mern_stack\server\node_modules\express\lib\router\route.js:137:13)
    at Route.dispatch (C:\CREDITCLAN\MY_PROJECT\mern_stack\server\node_modules\express\lib\router\route.js:112:3)
    at C:\CREDITCLAN\MY_PROJECT\mern_stack\server\node_modules\express-async-errors\index.js:17:20
    at Layer.handle [as handle_request] (C:\CREDITCLAN\MY_PROJECT\mern_stack\server\node_modules\express\lib\router\layer.js:95:5)
    at C:\CREDITCLAN\MY_PROJECT\mern_stack\server\node_modules\express\lib\router\index.js:281:22
    at Function.process_params (C:\CREDITCLAN\MY_PROJECT\mern_stack\server\node_modules\express\lib\router\index.js:341:12) }
{ time: [34m23-06-2022 16:34:23[39m level: [31merror[39m message: Cast to Number failed for value "function onError(error) {    console.log("what to do if data fetching failed");    console.log(error.message);    setInterval(false);  }" (type string) at path "limit"Cast to Number failed for value "function onError(error) {    console.log("what to do if data fetching failed");    console.log(error.message);    setInterval(false);  }" (type string) at path "limit" stack: CastError: Cast to Number failed for value "function onError(error) {    console.log("what to do if data fetching failed");    console.log(error.message);    setInterval(false);  }" (type string) at path "limit"
    at model.Query.limit (C:\CREDITCLAN\MY_PROJECT\mern_stack\server\node_modules\mongoose\lib\query.js:816:13)
    at exports.getPaginatedTask (C:\CREDITCLAN\MY_PROJECT\mern_stack\server\controllers\task.controller.js:72:6)
    at C:\CREDITCLAN\MY_PROJECT\mern_stack\server\node_modules\express-async-errors\index.js:17:20
    at Layer.handle [as handle_request] (C:\CREDITCLAN\MY_PROJECT\mern_stack\server\node_modules\express\lib\router\layer.js:95:5)
    at next (C:\CREDITCLAN\MY_PROJECT\mern_stack\server\node_modules\express\lib\router\route.js:137:13)
    at Route.dispatch (C:\CREDITCLAN\MY_PROJECT\mern_stack\server\node_modules\express\lib\router\route.js:112:3)
    at C:\CREDITCLAN\MY_PROJECT\mern_stack\server\node_modules\express-async-errors\index.js:17:20
    at Layer.handle [as handle_request] (C:\CREDITCLAN\MY_PROJECT\mern_stack\server\node_modules\express\lib\router\layer.js:95:5)
    at C:\CREDITCLAN\MY_PROJECT\mern_stack\server\node_modules\express\lib\router\index.js:281:22
    at Function.process_params (C:\CREDITCLAN\MY_PROJECT\mern_stack\server\node_modules\express\lib\router\index.js:341:12) }
{ time: [34m23-06-2022 16:34:24[39m level: [31merror[39m message: Cast to Number failed for value "function onError(error) {    console.log("what to do if data fetching failed");    console.log(error.message);    setInterval(false);  }" (type string) at path "limit"Cast to Number failed for value "function onError(error) {    console.log("what to do if data fetching failed");    console.log(error.message);    setInterval(false);  }" (type string) at path "limit" stack: CastError: Cast to Number failed for value "function onError(error) {    console.log("what to do if data fetching failed");    console.log(error.message);    setInterval(false);  }" (type string) at path "limit"
    at model.Query.limit (C:\CREDITCLAN\MY_PROJECT\mern_stack\server\node_modules\mongoose\lib\query.js:816:13)
    at exports.getPaginatedTask (C:\CREDITCLAN\MY_PROJECT\mern_stack\server\controllers\task.controller.js:72:6)
    at C:\CREDITCLAN\MY_PROJECT\mern_stack\server\node_modules\express-async-errors\index.js:17:20
    at Layer.handle [as handle_request] (C:\CREDITCLAN\MY_PROJECT\mern_stack\server\node_modules\express\lib\router\layer.js:95:5)
    at next (C:\CREDITCLAN\MY_PROJECT\mern_stack\server\node_modules\express\lib\router\route.js:137:13)
    at Route.dispatch (C:\CREDITCLAN\MY_PROJECT\mern_stack\server\node_modules\express\lib\router\route.js:112:3)
    at C:\CREDITCLAN\MY_PROJECT\mern_stack\server\node_modules\express-async-errors\index.js:17:20
    at Layer.handle [as handle_request] (C:\CREDITCLAN\MY_PROJECT\mern_stack\server\node_modules\express\lib\router\layer.js:95:5)
    at C:\CREDITCLAN\MY_PROJECT\mern_stack\server\node_modules\express\lib\router\index.js:281:22
    at Function.process_params (C:\CREDITCLAN\MY_PROJECT\mern_stack\server\node_modules\express\lib\router\index.js:341:12) }
{ time: [34m23-06-2022 16:34:24[39m level: [31merror[39m message: Cast to Number failed for value "function onError(error) {    console.log("what to do if data fetching failed");    console.log(error.message);    setInterval(false);  }" (type string) at path "limit"Cast to Number failed for value "function onError(error) {    console.log("what to do if data fetching failed");    console.log(error.message);    setInterval(false);  }" (type string) at path "limit" stack: CastError: Cast to Number failed for value "function onError(error) {    console.log("what to do if data fetching failed");    console.log(error.message);    setInterval(false);  }" (type string) at path "limit"
    at model.Query.limit (C:\CREDITCLAN\MY_PROJECT\mern_stack\server\node_modules\mongoose\lib\query.js:816:13)
    at exports.getPaginatedTask (C:\CREDITCLAN\MY_PROJECT\mern_stack\server\controllers\task.controller.js:72:6)
    at C:\CREDITCLAN\MY_PROJECT\mern_stack\server\node_modules\express-async-errors\index.js:17:20
    at Layer.handle [as handle_request] (C:\CREDITCLAN\MY_PROJECT\mern_stack\server\node_modules\express\lib\router\layer.js:95:5)
    at next (C:\CREDITCLAN\MY_PROJECT\mern_stack\server\node_modules\express\lib\router\route.js:137:13)
    at Route.dispatch (C:\CREDITCLAN\MY_PROJECT\mern_stack\server\node_modules\express\lib\router\route.js:112:3)
    at C:\CREDITCLAN\MY_PROJECT\mern_stack\server\node_modules\express-async-errors\index.js:17:20
    at Layer.handle [as handle_request] (C:\CREDITCLAN\MY_PROJECT\mern_stack\server\node_modules\express\lib\router\layer.js:95:5)
    at C:\CREDITCLAN\MY_PROJECT\mern_stack\server\node_modules\express\lib\router\index.js:281:22
    at Function.process_params (C:\CREDITCLAN\MY_PROJECT\mern_stack\server\node_modules\express\lib\router\index.js:341:12) }
{ time: [34m23-06-2022 16:34:26[39m level: [31merror[39m message: Cast to Number failed for value "function onError(error) {    console.log("what to do if data fetching failed");    console.log(error.message);    setInterval(false);  }" (type string) at path "limit"Cast to Number failed for value "function onError(error) {    console.log("what to do if data fetching failed");    console.log(error.message);    setInterval(false);  }" (type string) at path "limit" stack: CastError: Cast to Number failed for value "function onError(error) {    console.log("what to do if data fetching failed");    console.log(error.message);    setInterval(false);  }" (type string) at path "limit"
    at model.Query.limit (C:\CREDITCLAN\MY_PROJECT\mern_stack\server\node_modules\mongoose\lib\query.js:816:13)
    at exports.getPaginatedTask (C:\CREDITCLAN\MY_PROJECT\mern_stack\server\controllers\task.controller.js:72:6)
    at C:\CREDITCLAN\MY_PROJECT\mern_stack\server\node_modules\express-async-errors\index.js:17:20
    at Layer.handle [as handle_request] (C:\CREDITCLAN\MY_PROJECT\mern_stack\server\node_modules\express\lib\router\layer.js:95:5)
    at next (C:\CREDITCLAN\MY_PROJECT\mern_stack\server\node_modules\express\lib\router\route.js:137:13)
    at Route.dispatch (C:\CREDITCLAN\MY_PROJECT\mern_stack\server\node_modules\express\lib\router\route.js:112:3)
    at C:\CREDITCLAN\MY_PROJECT\mern_stack\server\node_modules\express-async-errors\index.js:17:20
    at Layer.handle [as handle_request] (C:\CREDITCLAN\MY_PROJECT\mern_stack\server\node_modules\express\lib\router\layer.js:95:5)
    at C:\CREDITCLAN\MY_PROJECT\mern_stack\server\node_modules\express\lib\router\index.js:281:22
    at Function.process_params (C:\CREDITCLAN\MY_PROJECT\mern_stack\server\node_modules\express\lib\router\index.js:341:12) }
{ time: [34m23-06-2022 16:34:26[39m level: [31merror[39m message: Cast to Number failed for value "function onError(error) {    console.log("what to do if data fetching failed");    console.log(error.message);    setInterval(false);  }" (type string) at path "limit"Cast to Number failed for value "function onError(error) {    console.log("what to do if data fetching failed");    console.log(error.message);    setInterval(false);  }" (type string) at path "limit" stack: CastError: Cast to Number failed for value "function onError(error) {    console.log("what to do if data fetching failed");    console.log(error.message);    setInterval(false);  }" (type string) at path "limit"
    at model.Query.limit (C:\CREDITCLAN\MY_PROJECT\mern_stack\server\node_modules\mongoose\lib\query.js:816:13)
    at exports.getPaginatedTask (C:\CREDITCLAN\MY_PROJECT\mern_stack\server\controllers\task.controller.js:72:6)
    at C:\CREDITCLAN\MY_PROJECT\mern_stack\server\node_modules\express-async-errors\index.js:17:20
    at Layer.handle [as handle_request] (C:\CREDITCLAN\MY_PROJECT\mern_stack\server\node_modules\express\lib\router\layer.js:95:5)
    at next (C:\CREDITCLAN\MY_PROJECT\mern_stack\server\node_modules\express\lib\router\route.js:137:13)
    at Route.dispatch (C:\CREDITCLAN\MY_PROJECT\mern_stack\server\node_modules\express\lib\router\route.js:112:3)
    at C:\CREDITCLAN\MY_PROJECT\mern_stack\server\node_modules\express-async-errors\index.js:17:20
    at Layer.handle [as handle_request] (C:\CREDITCLAN\MY_PROJECT\mern_stack\server\node_modules\express\lib\router\layer.js:95:5)
    at C:\CREDITCLAN\MY_PROJECT\mern_stack\server\node_modules\express\lib\router\index.js:281:22
    at Function.process_params (C:\CREDITCLAN\MY_PROJECT\mern_stack\server\node_modules\express\lib\router\index.js:341:12) }
{ time: [34m23-06-2022 16:34:30[39m level: [31merror[39m message: Cast to Number failed for value "function onError(error) {    console.log("what to do if data fetching failed");    console.log(error.message);    setInterval(false);  }" (type string) at path "limit"Cast to Number failed for value "function onError(error) {    console.log("what to do if data fetching failed");    console.log(error.message);    setInterval(false);  }" (type string) at path "limit" stack: CastError: Cast to Number failed for value "function onError(error) {    console.log("what to do if data fetching failed");    console.log(error.message);    setInterval(false);  }" (type string) at path "limit"
    at model.Query.limit (C:\CREDITCLAN\MY_PROJECT\mern_stack\server\node_modules\mongoose\lib\query.js:816:13)
    at exports.getPaginatedTask (C:\CREDITCLAN\MY_PROJECT\mern_stack\server\controllers\task.controller.js:72:6)
    at C:\CREDITCLAN\MY_PROJECT\mern_stack\server\node_modules\express-async-errors\index.js:17:20
    at Layer.handle [as handle_request] (C:\CREDITCLAN\MY_PROJECT\mern_stack\server\node_modules\express\lib\router\layer.js:95:5)
    at next (C:\CREDITCLAN\MY_PROJECT\mern_stack\server\node_modules\express\lib\router\route.js:137:13)
    at Route.dispatch (C:\CREDITCLAN\MY_PROJECT\mern_stack\server\node_modules\express\lib\router\route.js:112:3)
    at C:\CREDITCLAN\MY_PROJECT\mern_stack\server\node_modules\express-async-errors\index.js:17:20
    at Layer.handle [as handle_request] (C:\CREDITCLAN\MY_PROJECT\mern_stack\server\node_modules\express\lib\router\layer.js:95:5)
    at C:\CREDITCLAN\MY_PROJECT\mern_stack\server\node_modules\express\lib\router\index.js:281:22
    at Function.process_params (C:\CREDITCLAN\MY_PROJECT\mern_stack\server\node_modules\express\lib\router\index.js:341:12) }
{ time: [34m23-06-2022 16:34:30[39m level: [31merror[39m message: Cast to Number failed for value "function onError(error) {    console.log("what to do if data fetching failed");    console.log(error.message);    setInterval(false);  }" (type string) at path "limit"Cast to Number failed for value "function onError(error) {    console.log("what to do if data fetching failed");    console.log(error.message);    setInterval(false);  }" (type string) at path "limit" stack: CastError: Cast to Number failed for value "function onError(error) {    console.log("what to do if data fetching failed");    console.log(error.message);    setInterval(false);  }" (type string) at path "limit"
    at model.Query.limit (C:\CREDITCLAN\MY_PROJECT\mern_stack\server\node_modules\mongoose\lib\query.js:816:13)
    at exports.getPaginatedTask (C:\CREDITCLAN\MY_PROJECT\mern_stack\server\controllers\task.controller.js:72:6)
    at C:\CREDITCLAN\MY_PROJECT\mern_stack\server\node_modules\express-async-errors\index.js:17:20
    at Layer.handle [as handle_request] (C:\CREDITCLAN\MY_PROJECT\mern_stack\server\node_modules\express\lib\router\layer.js:95:5)
    at next (C:\CREDITCLAN\MY_PROJECT\mern_stack\server\node_modules\express\lib\router\route.js:137:13)
    at Route.dispatch (C:\CREDITCLAN\MY_PROJECT\mern_stack\server\node_modules\express\lib\router\route.js:112:3)
    at C:\CREDITCLAN\MY_PROJECT\mern_stack\server\node_modules\express-async-errors\index.js:17:20
    at Layer.handle [as handle_request] (C:\CREDITCLAN\MY_PROJECT\mern_stack\server\node_modules\express\lib\router\layer.js:95:5)
    at C:\CREDITCLAN\MY_PROJECT\mern_stack\server\node_modules\express\lib\router\index.js:281:22
    at Function.process_params (C:\CREDITCLAN\MY_PROJECT\mern_stack\server\node_modules\express\lib\router\index.js:341:12) }
{ time: [34m23-06-2022 16:36:04[39m level: [31merror[39m message: Cast to Number failed for value "function onError(error) {    console.log("what to do if data fetching failed");    console.log(error.message);    setInterval(false);  }" (type string) at path "limit"Cast to Number failed for value "function onError(error) {    console.log("what to do if data fetching failed");    console.log(error.message);    setInterval(false);  }" (type string) at path "limit" stack: CastError: Cast to Number failed for value "function onError(error) {    console.log("what to do if data fetching failed");    console.log(error.message);    setInterval(false);  }" (type string) at path "limit"
    at model.Query.limit (C:\CREDITCLAN\MY_PROJECT\mern_stack\server\node_modules\mongoose\lib\query.js:816:13)
    at exports.getPaginatedTask (C:\CREDITCLAN\MY_PROJECT\mern_stack\server\controllers\task.controller.js:72:6)
    at C:\CREDITCLAN\MY_PROJECT\mern_stack\server\node_modules\express-async-errors\index.js:17:20
    at Layer.handle [as handle_request] (C:\CREDITCLAN\MY_PROJECT\mern_stack\server\node_modules\express\lib\router\layer.js:95:5)
    at next (C:\CREDITCLAN\MY_PROJECT\mern_stack\server\node_modules\express\lib\router\route.js:137:13)
    at Route.dispatch (C:\CREDITCLAN\MY_PROJECT\mern_stack\server\node_modules\express\lib\router\route.js:112:3)
    at C:\CREDITCLAN\MY_PROJECT\mern_stack\server\node_modules\express-async-errors\index.js:17:20
    at Layer.handle [as handle_request] (C:\CREDITCLAN\MY_PROJECT\mern_stack\server\node_modules\express\lib\router\layer.js:95:5)
    at C:\CREDITCLAN\MY_PROJECT\mern_stack\server\node_modules\express\lib\router\index.js:281:22
    at Function.process_params (C:\CREDITCLAN\MY_PROJECT\mern_stack\server\node_modules\express\lib\router\index.js:341:12) }
{ time: [34m23-06-2022 16:36:05[39m level: [31merror[39m message: Cast to Number failed for value "function onError(error) {    console.log("what to do if data fetching failed");    console.log(error.message);    setInterval(false);  }" (type string) at path "limit"Cast to Number failed for value "function onError(error) {    console.log("what to do if data fetching failed");    console.log(error.message);    setInterval(false);  }" (type string) at path "limit" stack: CastError: Cast to Number failed for value "function onError(error) {    console.log("what to do if data fetching failed");    console.log(error.message);    setInterval(false);  }" (type string) at path "limit"
    at model.Query.limit (C:\CREDITCLAN\MY_PROJECT\mern_stack\server\node_modules\mongoose\lib\query.js:816:13)
    at exports.getPaginatedTask (C:\CREDITCLAN\MY_PROJECT\mern_stack\server\controllers\task.controller.js:72:6)
    at C:\CREDITCLAN\MY_PROJECT\mern_stack\server\node_modules\express-async-errors\index.js:17:20
    at Layer.handle [as handle_request] (C:\CREDITCLAN\MY_PROJECT\mern_stack\server\node_modules\express\lib\router\layer.js:95:5)
    at next (C:\CREDITCLAN\MY_PROJECT\mern_stack\server\node_modules\express\lib\router\route.js:137:13)
    at Route.dispatch (C:\CREDITCLAN\MY_PROJECT\mern_stack\server\node_modules\express\lib\router\route.js:112:3)
    at C:\CREDITCLAN\MY_PROJECT\mern_stack\server\node_modules\express-async-errors\index.js:17:20
    at Layer.handle [as handle_request] (C:\CREDITCLAN\MY_PROJECT\mern_stack\server\node_modules\express\lib\router\layer.js:95:5)
    at C:\CREDITCLAN\MY_PROJECT\mern_stack\server\node_modules\express\lib\router\index.js:281:22
    at Function.process_params (C:\CREDITCLAN\MY_PROJECT\mern_stack\server\node_modules\express\lib\router\index.js:341:12) }
{ time: [34m23-06-2022 16:36:05[39m level: [31merror[39m message: Cast to Number failed for value "function onError(error) {    console.log("what to do if data fetching failed");    console.log(error.message);    setInterval(false);  }" (type string) at path "limit"Cast to Number failed for value "function onError(error) {    console.log("what to do if data fetching failed");    console.log(error.message);    setInterval(false);  }" (type string) at path "limit" stack: CastError: Cast to Number failed for value "function onError(error) {    console.log("what to do if data fetching failed");    console.log(error.message);    setInterval(false);  }" (type string) at path "limit"
    at model.Query.limit (C:\CREDITCLAN\MY_PROJECT\mern_stack\server\node_modules\mongoose\lib\query.js:816:13)
    at exports.getPaginatedTask (C:\CREDITCLAN\MY_PROJECT\mern_stack\server\controllers\task.controller.js:72:6)
    at C:\CREDITCLAN\MY_PROJECT\mern_stack\server\node_modules\express-async-errors\index.js:17:20
    at Layer.handle [as handle_request] (C:\CREDITCLAN\MY_PROJECT\mern_stack\server\node_modules\express\lib\router\layer.js:95:5)
    at next (C:\CREDITCLAN\MY_PROJECT\mern_stack\server\node_modules\express\lib\router\route.js:137:13)
    at Route.dispatch (C:\CREDITCLAN\MY_PROJECT\mern_stack\server\node_modules\express\lib\router\route.js:112:3)
    at C:\CREDITCLAN\MY_PROJECT\mern_stack\server\node_modules\express-async-errors\index.js:17:20
    at Layer.handle [as handle_request] (C:\CREDITCLAN\MY_PROJECT\mern_stack\server\node_modules\express\lib\router\layer.js:95:5)
    at C:\CREDITCLAN\MY_PROJECT\mern_stack\server\node_modules\express\lib\router\index.js:281:22
    at Function.process_params (C:\CREDITCLAN\MY_PROJECT\mern_stack\server\node_modules\express\lib\router\index.js:341:12) }
{ time: [34m23-06-2022 16:36:05[39m level: [31merror[39m message: Cast to Number failed for value "function onError(error) {    console.log("what to do if data fetching failed");    console.log(error.message);    setInterval(false);  }" (type string) at path "limit"Cast to Number failed for value "function onError(error) {    console.log("what to do if data fetching failed");    console.log(error.message);    setInterval(false);  }" (type string) at path "limit" stack: CastError: Cast to Number failed for value "function onError(error) {    console.log("what to do if data fetching failed");    console.log(error.message);    setInterval(false);  }" (type string) at path "limit"
    at model.Query.limit (C:\CREDITCLAN\MY_PROJECT\mern_stack\server\node_modules\mongoose\lib\query.js:816:13)
    at exports.getPaginatedTask (C:\CREDITCLAN\MY_PROJECT\mern_stack\server\controllers\task.controller.js:72:6)
    at C:\CREDITCLAN\MY_PROJECT\mern_stack\server\node_modules\express-async-errors\index.js:17:20
    at Layer.handle [as handle_request] (C:\CREDITCLAN\MY_PROJECT\mern_stack\server\node_modules\express\lib\router\layer.js:95:5)
    at next (C:\CREDITCLAN\MY_PROJECT\mern_stack\server\node_modules\express\lib\router\route.js:137:13)
    at Route.dispatch (C:\CREDITCLAN\MY_PROJECT\mern_stack\server\node_modules\express\lib\router\route.js:112:3)
    at C:\CREDITCLAN\MY_PROJECT\mern_stack\server\node_modules\express-async-errors\index.js:17:20
    at Layer.handle [as handle_request] (C:\CREDITCLAN\MY_PROJECT\mern_stack\server\node_modules\express\lib\router\layer.js:95:5)
    at C:\CREDITCLAN\MY_PROJECT\mern_stack\server\node_modules\express\lib\router\index.js:281:22
    at Function.process_params (C:\CREDITCLAN\MY_PROJECT\mern_stack\server\node_modules\express\lib\router\index.js:341:12) }
{ time: [34m23-06-2022 16:36:06[39m level: [31merror[39m message: Cast to Number failed for value "function onError(error) {    console.log("what to do if data fetching failed");    console.log(error.message);    setInterval(false);  }" (type string) at path "limit"Cast to Number failed for value "function onError(error) {    console.log("what to do if data fetching failed");    console.log(error.message);    setInterval(false);  }" (type string) at path "limit" stack: CastError: Cast to Number failed for value "function onError(error) {    console.log("what to do if data fetching failed");    console.log(error.message);    setInterval(false);  }" (type string) at path "limit"
    at model.Query.limit (C:\CREDITCLAN\MY_PROJECT\mern_stack\server\node_modules\mongoose\lib\query.js:816:13)
    at exports.getPaginatedTask (C:\CREDITCLAN\MY_PROJECT\mern_stack\server\controllers\task.controller.js:72:6)
    at C:\CREDITCLAN\MY_PROJECT\mern_stack\server\node_modules\express-async-errors\index.js:17:20
    at Layer.handle [as handle_request] (C:\CREDITCLAN\MY_PROJECT\mern_stack\server\node_modules\express\lib\router\layer.js:95:5)
    at next (C:\CREDITCLAN\MY_PROJECT\mern_stack\server\node_modules\express\lib\router\route.js:137:13)
    at Route.dispatch (C:\CREDITCLAN\MY_PROJECT\mern_stack\server\node_modules\express\lib\router\route.js:112:3)
    at C:\CREDITCLAN\MY_PROJECT\mern_stack\server\node_modules\express-async-errors\index.js:17:20
    at Layer.handle [as handle_request] (C:\CREDITCLAN\MY_PROJECT\mern_stack\server\node_modules\express\lib\router\layer.js:95:5)
    at C:\CREDITCLAN\MY_PROJECT\mern_stack\server\node_modules\express\lib\router\index.js:281:22
    at Function.process_params (C:\CREDITCLAN\MY_PROJECT\mern_stack\server\node_modules\express\lib\router\index.js:341:12) }
{ time: [34m23-06-2022 16:36:06[39m level: [31merror[39m message: Cast to Number failed for value "function onError(error) {    console.log("what to do if data fetching failed");    console.log(error.message);    setInterval(false);  }" (type string) at path "limit"Cast to Number failed for value "function onError(error) {    console.log("what to do if data fetching failed");    console.log(error.message);    setInterval(false);  }" (type string) at path "limit" stack: CastError: Cast to Number failed for value "function onError(error) {    console.log("what to do if data fetching failed");    console.log(error.message);    setInterval(false);  }" (type string) at path "limit"
    at model.Query.limit (C:\CREDITCLAN\MY_PROJECT\mern_stack\server\node_modules\mongoose\lib\query.js:816:13)
    at exports.getPaginatedTask (C:\CREDITCLAN\MY_PROJECT\mern_stack\server\controllers\task.controller.js:72:6)
    at C:\CREDITCLAN\MY_PROJECT\mern_stack\server\node_modules\express-async-errors\index.js:17:20
    at Layer.handle [as handle_request] (C:\CREDITCLAN\MY_PROJECT\mern_stack\server\node_modules\express\lib\router\layer.js:95:5)
    at next (C:\CREDITCLAN\MY_PROJECT\mern_stack\server\node_modules\express\lib\router\route.js:137:13)
    at Route.dispatch (C:\CREDITCLAN\MY_PROJECT\mern_stack\server\node_modules\express\lib\router\route.js:112:3)
    at C:\CREDITCLAN\MY_PROJECT\mern_stack\server\node_modules\express-async-errors\index.js:17:20
    at Layer.handle [as handle_request] (C:\CREDITCLAN\MY_PROJECT\mern_stack\server\node_modules\express\lib\router\layer.js:95:5)
    at C:\CREDITCLAN\MY_PROJECT\mern_stack\server\node_modules\express\lib\router\index.js:281:22
    at Function.process_params (C:\CREDITCLAN\MY_PROJECT\mern_stack\server\node_modules\express\lib\router\index.js:341:12) }
{ time: [34m23-06-2022 16:36:08[39m level: [31merror[39m message: Cast to Number failed for value "function onError(error) {    console.log("what to do if data fetching failed");    console.log(error.message);    setInterval(false);  }" (type string) at path "limit"Cast to Number failed for value "function onError(error) {    console.log("what to do if data fetching failed");    console.log(error.message);    setInterval(false);  }" (type string) at path "limit" stack: CastError: Cast to Number failed for value "function onError(error) {    console.log("what to do if data fetching failed");    console.log(error.message);    setInterval(false);  }" (type string) at path "limit"
    at model.Query.limit (C:\CREDITCLAN\MY_PROJECT\mern_stack\server\node_modules\mongoose\lib\query.js:816:13)
    at exports.getPaginatedTask (C:\CREDITCLAN\MY_PROJECT\mern_stack\server\controllers\task.controller.js:72:6)
    at C:\CREDITCLAN\MY_PROJECT\mern_stack\server\node_modules\express-async-errors\index.js:17:20
    at Layer.handle [as handle_request] (C:\CREDITCLAN\MY_PROJECT\mern_stack\server\node_modules\express\lib\router\layer.js:95:5)
    at next (C:\CREDITCLAN\MY_PROJECT\mern_stack\server\node_modules\express\lib\router\route.js:137:13)
    at Route.dispatch (C:\CREDITCLAN\MY_PROJECT\mern_stack\server\node_modules\express\lib\router\route.js:112:3)
    at C:\CREDITCLAN\MY_PROJECT\mern_stack\server\node_modules\express-async-errors\index.js:17:20
    at Layer.handle [as handle_request] (C:\CREDITCLAN\MY_PROJECT\mern_stack\server\node_modules\express\lib\router\layer.js:95:5)
    at C:\CREDITCLAN\MY_PROJECT\mern_stack\server\node_modules\express\lib\router\index.js:281:22
    at Function.process_params (C:\CREDITCLAN\MY_PROJECT\mern_stack\server\node_modules\express\lib\router\index.js:341:12) }
{ time: [34m23-06-2022 16:36:08[39m level: [31merror[39m message: Cast to Number failed for value "function onError(error) {    console.log("what to do if data fetching failed");    console.log(error.message);    setInterval(false);  }" (type string) at path "limit"Cast to Number failed for value "function onError(error) {    console.log("what to do if data fetching failed");    console.log(error.message);    setInterval(false);  }" (type string) at path "limit" stack: CastError: Cast to Number failed for value "function onError(error) {    console.log("what to do if data fetching failed");    console.log(error.message);    setInterval(false);  }" (type string) at path "limit"
    at model.Query.limit (C:\CREDITCLAN\MY_PROJECT\mern_stack\server\node_modules\mongoose\lib\query.js:816:13)
    at exports.getPaginatedTask (C:\CREDITCLAN\MY_PROJECT\mern_stack\server\controllers\task.controller.js:72:6)
    at C:\CREDITCLAN\MY_PROJECT\mern_stack\server\node_modules\express-async-errors\index.js:17:20
    at Layer.handle [as handle_request] (C:\CREDITCLAN\MY_PROJECT\mern_stack\server\node_modules\express\lib\router\layer.js:95:5)
    at next (C:\CREDITCLAN\MY_PROJECT\mern_stack\server\node_modules\express\lib\router\route.js:137:13)
    at Route.dispatch (C:\CREDITCLAN\MY_PROJECT\mern_stack\server\node_modules\express\lib\router\route.js:112:3)
    at C:\CREDITCLAN\MY_PROJECT\mern_stack\server\node_modules\express-async-errors\index.js:17:20
    at Layer.handle [as handle_request] (C:\CREDITCLAN\MY_PROJECT\mern_stack\server\node_modules\express\lib\router\layer.js:95:5)
    at C:\CREDITCLAN\MY_PROJECT\mern_stack\server\node_modules\express\lib\router\index.js:281:22
    at Function.process_params (C:\CREDITCLAN\MY_PROJECT\mern_stack\server\node_modules\express\lib\router\index.js:341:12) }
{ time: [34m23-06-2022 16:36:12[39m level: [31merror[39m message: Cast to Number failed for value "function onError(error) {    console.log("what to do if data fetching failed");    console.log(error.message);    setInterval(false);  }" (type string) at path "limit"Cast to Number failed for value "function onError(error) {    console.log("what to do if data fetching failed");    console.log(error.message);    setInterval(false);  }" (type string) at path "limit" stack: CastError: Cast to Number failed for value "function onError(error) {    console.log("what to do if data fetching failed");    console.log(error.message);    setInterval(false);  }" (type string) at path "limit"
    at model.Query.limit (C:\CREDITCLAN\MY_PROJECT\mern_stack\server\node_modules\mongoose\lib\query.js:816:13)
    at exports.getPaginatedTask (C:\CREDITCLAN\MY_PROJECT\mern_stack\server\controllers\task.controller.js:72:6)
    at C:\CREDITCLAN\MY_PROJECT\mern_stack\server\node_modules\express-async-errors\index.js:17:20
    at Layer.handle [as handle_request] (C:\CREDITCLAN\MY_PROJECT\mern_stack\server\node_modules\express\lib\router\layer.js:95:5)
    at next (C:\CREDITCLAN\MY_PROJECT\mern_stack\server\node_modules\express\lib\router\route.js:137:13)
    at Route.dispatch (C:\CREDITCLAN\MY_PROJECT\mern_stack\server\node_modules\express\lib\router\route.js:112:3)
    at C:\CREDITCLAN\MY_PROJECT\mern_stack\server\node_modules\express-async-errors\index.js:17:20
    at Layer.handle [as handle_request] (C:\CREDITCLAN\MY_PROJECT\mern_stack\server\node_modules\express\lib\router\layer.js:95:5)
    at C:\CREDITCLAN\MY_PROJECT\mern_stack\server\node_modules\express\lib\router\index.js:281:22
    at Function.process_params (C:\CREDITCLAN\MY_PROJECT\mern_stack\server\node_modules\express\lib\router\index.js:341:12) }
{ time: [34m23-06-2022 16:36:12[39m level: [31merror[39m message: Cast to Number failed for value "function onError(error) {    console.log("what to do if data fetching failed");    console.log(error.message);    setInterval(false);  }" (type string) at path "limit"Cast to Number failed for value "function onError(error) {    console.log("what to do if data fetching failed");    console.log(error.message);    setInterval(false);  }" (type string) at path "limit" stack: CastError: Cast to Number failed for value "function onError(error) {    console.log("what to do if data fetching failed");    console.log(error.message);    setInterval(false);  }" (type string) at path "limit"
    at model.Query.limit (C:\CREDITCLAN\MY_PROJECT\mern_stack\server\node_modules\mongoose\lib\query.js:816:13)
    at exports.getPaginatedTask (C:\CREDITCLAN\MY_PROJECT\mern_stack\server\controllers\task.controller.js:72:6)
    at C:\CREDITCLAN\MY_PROJECT\mern_stack\server\node_modules\express-async-errors\index.js:17:20
    at Layer.handle [as handle_request] (C:\CREDITCLAN\MY_PROJECT\mern_stack\server\node_modules\express\lib\router\layer.js:95:5)
    at next (C:\CREDITCLAN\MY_PROJECT\mern_stack\server\node_modules\express\lib\router\route.js:137:13)
    at Route.dispatch (C:\CREDITCLAN\MY_PROJECT\mern_stack\server\node_modules\express\lib\router\route.js:112:3)
    at C:\CREDITCLAN\MY_PROJECT\mern_stack\server\node_modules\express-async-errors\index.js:17:20
    at Layer.handle [as handle_request] (C:\CREDITCLAN\MY_PROJECT\mern_stack\server\node_modules\express\lib\router\layer.js:95:5)
    at C:\CREDITCLAN\MY_PROJECT\mern_stack\server\node_modules\express\lib\router\index.js:281:22
    at Function.process_params (C:\CREDITCLAN\MY_PROJECT\mern_stack\server\node_modules\express\lib\router\index.js:341:12) }
{ time: [34m23-06-2022 16:36:17[39m level: [31merror[39m message: Cast to Number failed for value "function onError(error) {    console.log("what to do if data fetching failed");    console.log(error.message);    setInterval(false);  }" (type string) at path "limit"Cast to Number failed for value "function onError(error) {    console.log("what to do if data fetching failed");    console.log(error.message);    setInterval(false);  }" (type string) at path "limit" stack: CastError: Cast to Number failed for value "function onError(error) {    console.log("what to do if data fetching failed");    console.log(error.message);    setInterval(false);  }" (type string) at path "limit"
    at model.Query.limit (C:\CREDITCLAN\MY_PROJECT\mern_stack\server\node_modules\mongoose\lib\query.js:816:13)
    at exports.getPaginatedTask (C:\CREDITCLAN\MY_PROJECT\mern_stack\server\controllers\task.controller.js:72:6)
    at C:\CREDITCLAN\MY_PROJECT\mern_stack\server\node_modules\express-async-errors\index.js:17:20
    at Layer.handle [as handle_request] (C:\CREDITCLAN\MY_PROJECT\mern_stack\server\node_modules\express\lib\router\layer.js:95:5)
    at next (C:\CREDITCLAN\MY_PROJECT\mern_stack\server\node_modules\express\lib\router\route.js:137:13)
    at Route.dispatch (C:\CREDITCLAN\MY_PROJECT\mern_stack\server\node_modules\express\lib\router\route.js:112:3)
    at C:\CREDITCLAN\MY_PROJECT\mern_stack\server\node_modules\express-async-errors\index.js:17:20
    at Layer.handle [as handle_request] (C:\CREDITCLAN\MY_PROJECT\mern_stack\server\node_modules\express\lib\router\layer.js:95:5)
    at C:\CREDITCLAN\MY_PROJECT\mern_stack\server\node_modules\express\lib\router\index.js:281:22
    at Function.process_params (C:\CREDITCLAN\MY_PROJECT\mern_stack\server\node_modules\express\lib\router\index.js:341:12) }
{ time: [34m23-06-2022 16:36:17[39m level: [31merror[39m message: Cast to Number failed for value "function onError(error) {    console.log("what to do if data fetching failed");    console.log(error.message);    setInterval(false);  }" (type string) at path "limit"Cast to Number failed for value "function onError(error) {    console.log("what to do if data fetching failed");    console.log(error.message);    setInterval(false);  }" (type string) at path "limit" stack: CastError: Cast to Number failed for value "function onError(error) {    console.log("what to do if data fetching failed");    console.log(error.message);    setInterval(false);  }" (type string) at path "limit"
    at model.Query.limit (C:\CREDITCLAN\MY_PROJECT\mern_stack\server\node_modules\mongoose\lib\query.js:816:13)
    at exports.getPaginatedTask (C:\CREDITCLAN\MY_PROJECT\mern_stack\server\controllers\task.controller.js:72:6)
    at C:\CREDITCLAN\MY_PROJECT\mern_stack\server\node_modules\express-async-errors\index.js:17:20
    at Layer.handle [as handle_request] (C:\CREDITCLAN\MY_PROJECT\mern_stack\server\node_modules\express\lib\router\layer.js:95:5)
    at next (C:\CREDITCLAN\MY_PROJECT\mern_stack\server\node_modules\express\lib\router\route.js:137:13)
    at Route.dispatch (C:\CREDITCLAN\MY_PROJECT\mern_stack\server\node_modules\express\lib\router\route.js:112:3)
    at C:\CREDITCLAN\MY_PROJECT\mern_stack\server\node_modules\express-async-errors\index.js:17:20
    at Layer.handle [as handle_request] (C:\CREDITCLAN\MY_PROJECT\mern_stack\server\node_modules\express\lib\router\layer.js:95:5)
    at C:\CREDITCLAN\MY_PROJECT\mern_stack\server\node_modules\express\lib\router\index.js:281:22
    at Function.process_params (C:\CREDITCLAN\MY_PROJECT\mern_stack\server\node_modules\express\lib\router\index.js:341:12) }
{ time: [34m23-06-2022 16:36:18[39m level: [31merror[39m message: Cast to Number failed for value "function onError(error) {    console.log("what to do if data fetching failed");    console.log(error.message);    setInterval(false);  }" (type string) at path "limit"Cast to Number failed for value "function onError(error) {    console.log("what to do if data fetching failed");    console.log(error.message);    setInterval(false);  }" (type string) at path "limit" stack: CastError: Cast to Number failed for value "function onError(error) {    console.log("what to do if data fetching failed");    console.log(error.message);    setInterval(false);  }" (type string) at path "limit"
    at model.Query.limit (C:\CREDITCLAN\MY_PROJECT\mern_stack\server\node_modules\mongoose\lib\query.js:816:13)
    at exports.getPaginatedTask (C:\CREDITCLAN\MY_PROJECT\mern_stack\server\controllers\task.controller.js:72:6)
    at C:\CREDITCLAN\MY_PROJECT\mern_stack\server\node_modules\express-async-errors\index.js:17:20
    at Layer.handle [as handle_request] (C:\CREDITCLAN\MY_PROJECT\mern_stack\server\node_modules\express\lib\router\layer.js:95:5)
    at next (C:\CREDITCLAN\MY_PROJECT\mern_stack\server\node_modules\express\lib\router\route.js:137:13)
    at Route.dispatch (C:\CREDITCLAN\MY_PROJECT\mern_stack\server\node_modules\express\lib\router\route.js:112:3)
    at C:\CREDITCLAN\MY_PROJECT\mern_stack\server\node_modules\express-async-errors\index.js:17:20
    at Layer.handle [as handle_request] (C:\CREDITCLAN\MY_PROJECT\mern_stack\server\node_modules\express\lib\router\layer.js:95:5)
    at C:\CREDITCLAN\MY_PROJECT\mern_stack\server\node_modules\express\lib\router\index.js:281:22
    at Function.process_params (C:\CREDITCLAN\MY_PROJECT\mern_stack\server\node_modules\express\lib\router\index.js:341:12) }
{ time: [34m23-06-2022 16:36:18[39m level: [31merror[39m message: Cast to Number failed for value "function onError(error) {    console.log("what to do if data fetching failed");    console.log(error.message);    setInterval(false);  }" (type string) at path "limit"Cast to Number failed for value "function onError(error) {    console.log("what to do if data fetching failed");    console.log(error.message);    setInterval(false);  }" (type string) at path "limit" stack: CastError: Cast to Number failed for value "function onError(error) {    console.log("what to do if data fetching failed");    console.log(error.message);    setInterval(false);  }" (type string) at path "limit"
    at model.Query.limit (C:\CREDITCLAN\MY_PROJECT\mern_stack\server\node_modules\mongoose\lib\query.js:816:13)
    at exports.getPaginatedTask (C:\CREDITCLAN\MY_PROJECT\mern_stack\server\controllers\task.controller.js:72:6)
    at C:\CREDITCLAN\MY_PROJECT\mern_stack\server\node_modules\express-async-errors\index.js:17:20
    at Layer.handle [as handle_request] (C:\CREDITCLAN\MY_PROJECT\mern_stack\server\node_modules\express\lib\router\layer.js:95:5)
    at next (C:\CREDITCLAN\MY_PROJECT\mern_stack\server\node_modules\express\lib\router\route.js:137:13)
    at Route.dispatch (C:\CREDITCLAN\MY_PROJECT\mern_stack\server\node_modules\express\lib\router\route.js:112:3)
    at C:\CREDITCLAN\MY_PROJECT\mern_stack\server\node_modules\express-async-errors\index.js:17:20
    at Layer.handle [as handle_request] (C:\CREDITCLAN\MY_PROJECT\mern_stack\server\node_modules\express\lib\router\layer.js:95:5)
    at C:\CREDITCLAN\MY_PROJECT\mern_stack\server\node_modules\express\lib\router\index.js:281:22
    at Function.process_params (C:\CREDITCLAN\MY_PROJECT\mern_stack\server\node_modules\express\lib\router\index.js:341:12) }
{ time: [34m26-06-2022 23:05:54[39m level: [31merror[39m message: countTasks is not definedcountTasks is not defined stack: ReferenceError: countTasks is not defined
    at exports.getPaginatedProperty (C:\CREDITCLAN\MY_PROJECT\mern_stack\server\controllers\property.controller.js:15:22)
    at processTicksAndRejections (internal/process/task_queues.js:93:5) }
{ time: [34m26-06-2022 23:10:51[39m level: [31merror[39m message: countTasks is not definedcountTasks is not defined stack: ReferenceError: countTasks is not defined
    at exports.getPaginatedProperty (C:\CREDITCLAN\MY_PROJECT\mern_stack\server\controllers\property.controller.js:15:22)
    at processTicksAndRejections (internal/process/task_queues.js:93:5) }
{ time: [34m26-06-2022 23:11:51[39m level: [31merror[39m message: countTasks is not definedcountTasks is not defined stack: ReferenceError: countTasks is not defined
    at exports.getPaginatedProperty (C:\CREDITCLAN\MY_PROJECT\mern_stack\server\controllers\property.controller.js:15:22)
    at processTicksAndRejections (internal/process/task_queues.js:93:5) }
{ time: [34m26-06-2022 23:11:52[39m level: [31merror[39m message: countTasks is not definedcountTasks is not defined stack: ReferenceError: countTasks is not defined
    at exports.getPaginatedProperty (C:\CREDITCLAN\MY_PROJECT\mern_stack\server\controllers\property.controller.js:15:22)
    at processTicksAndRejections (internal/process/task_queues.js:93:5) }
{ time: [34m26-06-2022 23:11:54[39m level: [31merror[39m message: countTasks is not definedcountTasks is not defined stack: ReferenceError: countTasks is not defined
    at exports.getPaginatedProperty (C:\CREDITCLAN\MY_PROJECT\mern_stack\server\controllers\property.controller.js:15:22)
    at processTicksAndRejections (internal/process/task_queues.js:93:5) }
{ time: [34m26-06-2022 23:11:58[39m level: [31merror[39m message: countTasks is not definedcountTasks is not defined stack: ReferenceError: countTasks is not defined
    at exports.getPaginatedProperty (C:\CREDITCLAN\MY_PROJECT\mern_stack\server\controllers\property.controller.js:15:22)
    at processTicksAndRejections (internal/process/task_queues.js:93:5) }
{ time: [34m27-06-2022 11:31:33[39m level: [31merror[39m message: Cannot destructure property 'country' of 'req.bod' as it is undefined.Cannot destructure property 'country' of 'req.bod' as it is undefined. stack: TypeError: Cannot destructure property 'country' of 'req.bod' as it is undefined.
    at exports.getPaginatedProperty (C:\CREDITCLAN\MY_PROJECT\mern_stack\server\controllers\property.controller.js:4:11)
    at C:\CREDITCLAN\MY_PROJECT\mern_stack\server\node_modules\express-async-errors\index.js:17:20
    at Layer.handle [as handle_request] (C:\CREDITCLAN\MY_PROJECT\mern_stack\server\node_modules\express\lib\router\layer.js:95:5)
    at next (C:\CREDITCLAN\MY_PROJECT\mern_stack\server\node_modules\express\lib\router\route.js:137:13)
    at Route.dispatch (C:\CREDITCLAN\MY_PROJECT\mern_stack\server\node_modules\express\lib\router\route.js:112:3)
    at C:\CREDITCLAN\MY_PROJECT\mern_stack\server\node_modules\express-async-errors\index.js:17:20
    at Layer.handle [as handle_request] (C:\CREDITCLAN\MY_PROJECT\mern_stack\server\node_modules\express\lib\router\layer.js:95:5)
    at C:\CREDITCLAN\MY_PROJECT\mern_stack\server\node_modules\express\lib\router\index.js:281:22
    at Function.process_params (C:\CREDITCLAN\MY_PROJECT\mern_stack\server\node_modules\express\lib\router\index.js:341:12)
    at next (C:\CREDITCLAN\MY_PROJECT\mern_stack\server\node_modules\express\lib\router\index.js:275:10) }
{ time: [34m27-06-2022 11:31:34[39m level: [31merror[39m message: Cannot destructure property 'country' of 'req.bod' as it is undefined.Cannot destructure property 'country' of 'req.bod' as it is undefined. stack: TypeError: Cannot destructure property 'country' of 'req.bod' as it is undefined.
    at exports.getPaginatedProperty (C:\CREDITCLAN\MY_PROJECT\mern_stack\server\controllers\property.controller.js:4:11)
    at C:\CREDITCLAN\MY_PROJECT\mern_stack\server\node_modules\express-async-errors\index.js:17:20
    at Layer.handle [as handle_request] (C:\CREDITCLAN\MY_PROJECT\mern_stack\server\node_modules\express\lib\router\layer.js:95:5)
    at next (C:\CREDITCLAN\MY_PROJECT\mern_stack\server\node_modules\express\lib\router\route.js:137:13)
    at Route.dispatch (C:\CREDITCLAN\MY_PROJECT\mern_stack\server\node_modules\express\lib\router\route.js:112:3)
    at C:\CREDITCLAN\MY_PROJECT\mern_stack\server\node_modules\express-async-errors\index.js:17:20
    at Layer.handle [as handle_request] (C:\CREDITCLAN\MY_PROJECT\mern_stack\server\node_modules\express\lib\router\layer.js:95:5)
    at C:\CREDITCLAN\MY_PROJECT\mern_stack\server\node_modules\express\lib\router\index.js:281:22
    at Function.process_params (C:\CREDITCLAN\MY_PROJECT\mern_stack\server\node_modules\express\lib\router\index.js:341:12)
    at next (C:\CREDITCLAN\MY_PROJECT\mern_stack\server\node_modules\express\lib\router\index.js:275:10) }
{ time: [34m27-06-2022 11:31:55[39m level: [31merror[39m message: Cannot destructure property 'country' of 'req.bod' as it is undefined.Cannot destructure property 'country' of 'req.bod' as it is undefined. stack: TypeError: Cannot destructure property 'country' of 'req.bod' as it is undefined.
    at exports.getPaginatedProperty (C:\CREDITCLAN\MY_PROJECT\mern_stack\server\controllers\property.controller.js:4:11)
    at C:\CREDITCLAN\MY_PROJECT\mern_stack\server\node_modules\express-async-errors\index.js:17:20
    at Layer.handle [as handle_request] (C:\CREDITCLAN\MY_PROJECT\mern_stack\server\node_modules\express\lib\router\layer.js:95:5)
    at next (C:\CREDITCLAN\MY_PROJECT\mern_stack\server\node_modules\express\lib\router\route.js:137:13)
    at Route.dispatch (C:\CREDITCLAN\MY_PROJECT\mern_stack\server\node_modules\express\lib\router\route.js:112:3)
    at C:\CREDITCLAN\MY_PROJECT\mern_stack\server\node_modules\express-async-errors\index.js:17:20
    at Layer.handle [as handle_request] (C:\CREDITCLAN\MY_PROJECT\mern_stack\server\node_modules\express\lib\router\layer.js:95:5)
    at C:\CREDITCLAN\MY_PROJECT\mern_stack\server\node_modules\express\lib\router\index.js:281:22
    at Function.process_params (C:\CREDITCLAN\MY_PROJECT\mern_stack\server\node_modules\express\lib\router\index.js:341:12)
    at next (C:\CREDITCLAN\MY_PROJECT\mern_stack\server\node_modules\express\lib\router\index.js:275:10) }
{ time: [34m27-06-2022 11:32:21[39m level: [31merror[39m message: Cannot destructure property 'country' of 'req.bod' as it is undefined.Cannot destructure property 'country' of 'req.bod' as it is undefined. stack: TypeError: Cannot destructure property 'country' of 'req.bod' as it is undefined.
    at exports.getPaginatedProperty (C:\CREDITCLAN\MY_PROJECT\mern_stack\server\controllers\property.controller.js:4:11)
    at C:\CREDITCLAN\MY_PROJECT\mern_stack\server\node_modules\express-async-errors\index.js:17:20
    at Layer.handle [as handle_request] (C:\CREDITCLAN\MY_PROJECT\mern_stack\server\node_modules\express\lib\router\layer.js:95:5)
    at next (C:\CREDITCLAN\MY_PROJECT\mern_stack\server\node_modules\express\lib\router\route.js:137:13)
    at Route.dispatch (C:\CREDITCLAN\MY_PROJECT\mern_stack\server\node_modules\express\lib\router\route.js:112:3)
    at C:\CREDITCLAN\MY_PROJECT\mern_stack\server\node_modules\express-async-errors\index.js:17:20
    at Layer.handle [as handle_request] (C:\CREDITCLAN\MY_PROJECT\mern_stack\server\node_modules\express\lib\router\layer.js:95:5)
    at C:\CREDITCLAN\MY_PROJECT\mern_stack\server\node_modules\express\lib\router\index.js:281:22
    at Function.process_params (C:\CREDITCLAN\MY_PROJECT\mern_stack\server\node_modules\express\lib\router\index.js:341:12)
    at next (C:\CREDITCLAN\MY_PROJECT\mern_stack\server\node_modules\express\lib\router\index.js:275:10) }
{ time: [34m27-06-2022 11:33:56[39m level: [31merror[39m message: Cannot destructure property 'country' of 'req.bod' as it is undefined.Cannot destructure property 'country' of 'req.bod' as it is undefined. stack: TypeError: Cannot destructure property 'country' of 'req.bod' as it is undefined.
    at exports.getPaginatedProperty (C:\CREDITCLAN\MY_PROJECT\mern_stack\server\controllers\property.controller.js:4:11)
    at C:\CREDITCLAN\MY_PROJECT\mern_stack\server\node_modules\express-async-errors\index.js:17:20
    at Layer.handle [as handle_request] (C:\CREDITCLAN\MY_PROJECT\mern_stack\server\node_modules\express\lib\router\layer.js:95:5)
    at next (C:\CREDITCLAN\MY_PROJECT\mern_stack\server\node_modules\express\lib\router\route.js:137:13)
    at Route.dispatch (C:\CREDITCLAN\MY_PROJECT\mern_stack\server\node_modules\express\lib\router\route.js:112:3)
    at C:\CREDITCLAN\MY_PROJECT\mern_stack\server\node_modules\express-async-errors\index.js:17:20
    at Layer.handle [as handle_request] (C:\CREDITCLAN\MY_PROJECT\mern_stack\server\node_modules\express\lib\router\layer.js:95:5)
    at C:\CREDITCLAN\MY_PROJECT\mern_stack\server\node_modules\express\lib\router\index.js:281:22
    at Function.process_params (C:\CREDITCLAN\MY_PROJECT\mern_stack\server\node_modules\express\lib\router\index.js:341:12)
    at next (C:\CREDITCLAN\MY_PROJECT\mern_stack\server\node_modules\express\lib\router\index.js:275:10) }
{ time: [34m27-06-2022 11:34:33[39m level: [31merror[39m message: Cannot destructure property 'country' of 'req.bod' as it is undefined.Cannot destructure property 'country' of 'req.bod' as it is undefined. stack: TypeError: Cannot destructure property 'country' of 'req.bod' as it is undefined.
    at exports.getPaginatedProperty (C:\CREDITCLAN\MY_PROJECT\mern_stack\server\controllers\property.controller.js:4:11)
    at C:\CREDITCLAN\MY_PROJECT\mern_stack\server\node_modules\express-async-errors\index.js:17:20
    at Layer.handle [as handle_request] (C:\CREDITCLAN\MY_PROJECT\mern_stack\server\node_modules\express\lib\router\layer.js:95:5)
    at next (C:\CREDITCLAN\MY_PROJECT\mern_stack\server\node_modules\express\lib\router\route.js:137:13)
    at Route.dispatch (C:\CREDITCLAN\MY_PROJECT\mern_stack\server\node_modules\express\lib\router\route.js:112:3)
    at C:\CREDITCLAN\MY_PROJECT\mern_stack\server\node_modules\express-async-errors\index.js:17:20
    at Layer.handle [as handle_request] (C:\CREDITCLAN\MY_PROJECT\mern_stack\server\node_modules\express\lib\router\layer.js:95:5)
    at C:\CREDITCLAN\MY_PROJECT\mern_stack\server\node_modules\express\lib\router\index.js:281:22
    at Function.process_params (C:\CREDITCLAN\MY_PROJECT\mern_stack\server\node_modules\express\lib\router\index.js:341:12)
    at next (C:\CREDITCLAN\MY_PROJECT\mern_stack\server\node_modules\express\lib\router\index.js:275:10) }
{ time: [34m27-06-2022 11:34:35[39m level: [31merror[39m message: Cannot destructure property 'country' of 'req.bod' as it is undefined.Cannot destructure property 'country' of 'req.bod' as it is undefined. stack: TypeError: Cannot destructure property 'country' of 'req.bod' as it is undefined.
    at exports.getPaginatedProperty (C:\CREDITCLAN\MY_PROJECT\mern_stack\server\controllers\property.controller.js:4:11)
    at C:\CREDITCLAN\MY_PROJECT\mern_stack\server\node_modules\express-async-errors\index.js:17:20
    at Layer.handle [as handle_request] (C:\CREDITCLAN\MY_PROJECT\mern_stack\server\node_modules\express\lib\router\layer.js:95:5)
    at next (C:\CREDITCLAN\MY_PROJECT\mern_stack\server\node_modules\express\lib\router\route.js:137:13)
    at Route.dispatch (C:\CREDITCLAN\MY_PROJECT\mern_stack\server\node_modules\express\lib\router\route.js:112:3)
    at C:\CREDITCLAN\MY_PROJECT\mern_stack\server\node_modules\express-async-errors\index.js:17:20
    at Layer.handle [as handle_request] (C:\CREDITCLAN\MY_PROJECT\mern_stack\server\node_modules\express\lib\router\layer.js:95:5)
    at C:\CREDITCLAN\MY_PROJECT\mern_stack\server\node_modules\express\lib\router\index.js:281:22
    at Function.process_params (C:\CREDITCLAN\MY_PROJECT\mern_stack\server\node_modules\express\lib\router\index.js:341:12)
    at next (C:\CREDITCLAN\MY_PROJECT\mern_stack\server\node_modules\express\lib\router\index.js:275:10) }
{ time: [34m27-06-2022 11:34:39[39m level: [31merror[39m message: Cannot destructure property 'country' of 'req.bod' as it is undefined.Cannot destructure property 'country' of 'req.bod' as it is undefined. stack: TypeError: Cannot destructure property 'country' of 'req.bod' as it is undefined.
    at exports.getPaginatedProperty (C:\CREDITCLAN\MY_PROJECT\mern_stack\server\controllers\property.controller.js:4:11)
    at C:\CREDITCLAN\MY_PROJECT\mern_stack\server\node_modules\express-async-errors\index.js:17:20
    at Layer.handle [as handle_request] (C:\CREDITCLAN\MY_PROJECT\mern_stack\server\node_modules\express\lib\router\layer.js:95:5)
    at next (C:\CREDITCLAN\MY_PROJECT\mern_stack\server\node_modules\express\lib\router\route.js:137:13)
    at Route.dispatch (C:\CREDITCLAN\MY_PROJECT\mern_stack\server\node_modules\express\lib\router\route.js:112:3)
    at C:\CREDITCLAN\MY_PROJECT\mern_stack\server\node_modules\express-async-errors\index.js:17:20
    at Layer.handle [as handle_request] (C:\CREDITCLAN\MY_PROJECT\mern_stack\server\node_modules\express\lib\router\layer.js:95:5)
    at C:\CREDITCLAN\MY_PROJECT\mern_stack\server\node_modules\express\lib\router\index.js:281:22
    at Function.process_params (C:\CREDITCLAN\MY_PROJECT\mern_stack\server\node_modules\express\lib\router\index.js:341:12)
    at next (C:\CREDITCLAN\MY_PROJECT\mern_stack\server\node_modules\express\lib\router\index.js:275:10) }
{ time: [34m27-06-2022 12:32:31[39m level: [31merror[39m message: Cannot destructure property 'country' of 'req.bod' as it is undefined.Cannot destructure property 'country' of 'req.bod' as it is undefined. stack: TypeError: Cannot destructure property 'country' of 'req.bod' as it is undefined.
    at exports.getPaginatedProperty (C:\CREDITCLAN\MY_PROJECT\mern_stack\server\controllers\property.controller.js:4:11)
    at C:\CREDITCLAN\MY_PROJECT\mern_stack\server\node_modules\express-async-errors\index.js:17:20
    at Layer.handle [as handle_request] (C:\CREDITCLAN\MY_PROJECT\mern_stack\server\node_modules\express\lib\router\layer.js:95:5)
    at next (C:\CREDITCLAN\MY_PROJECT\mern_stack\server\node_modules\express\lib\router\route.js:137:13)
    at Route.dispatch (C:\CREDITCLAN\MY_PROJECT\mern_stack\server\node_modules\express\lib\router\route.js:112:3)
    at C:\CREDITCLAN\MY_PROJECT\mern_stack\server\node_modules\express-async-errors\index.js:17:20
    at Layer.handle [as handle_request] (C:\CREDITCLAN\MY_PROJECT\mern_stack\server\node_modules\express\lib\router\layer.js:95:5)
    at C:\CREDITCLAN\MY_PROJECT\mern_stack\server\node_modules\express\lib\router\index.js:281:22
    at Function.process_params (C:\CREDITCLAN\MY_PROJECT\mern_stack\server\node_modules\express\lib\router\index.js:341:12)
    at next (C:\CREDITCLAN\MY_PROJECT\mern_stack\server\node_modules\express\lib\router\index.js:275:10) }
{ time: [34m27-06-2022 12:57:20[39m level: [31merror[39m message: Cannot destructure property 'country' of 'req.bod' as it is undefined.Cannot destructure property 'country' of 'req.bod' as it is undefined. stack: TypeError: Cannot destructure property 'country' of 'req.bod' as it is undefined.
    at exports.getPaginatedProperty (C:\CREDITCLAN\MY_PROJECT\mern_stack\server\controllers\property.controller.js:4:11)
    at C:\CREDITCLAN\MY_PROJECT\mern_stack\server\node_modules\express-async-errors\index.js:17:20
    at Layer.handle [as handle_request] (C:\CREDITCLAN\MY_PROJECT\mern_stack\server\node_modules\express\lib\router\layer.js:95:5)
    at next (C:\CREDITCLAN\MY_PROJECT\mern_stack\server\node_modules\express\lib\router\route.js:137:13)
    at Route.dispatch (C:\CREDITCLAN\MY_PROJECT\mern_stack\server\node_modules\express\lib\router\route.js:112:3)
    at C:\CREDITCLAN\MY_PROJECT\mern_stack\server\node_modules\express-async-errors\index.js:17:20
    at Layer.handle [as handle_request] (C:\CREDITCLAN\MY_PROJECT\mern_stack\server\node_modules\express\lib\router\layer.js:95:5)
    at C:\CREDITCLAN\MY_PROJECT\mern_stack\server\node_modules\express\lib\router\index.js:281:22
    at Function.process_params (C:\CREDITCLAN\MY_PROJECT\mern_stack\server\node_modules\express\lib\router\index.js:341:12)
    at next (C:\CREDITCLAN\MY_PROJECT\mern_stack\server\node_modules\express\lib\router\index.js:275:10) }
{ time: [34m27-06-2022 12:57:21[39m level: [31merror[39m message: Cannot destructure property 'country' of 'req.bod' as it is undefined.Cannot destructure property 'country' of 'req.bod' as it is undefined. stack: TypeError: Cannot destructure property 'country' of 'req.bod' as it is undefined.
    at exports.getPaginatedProperty (C:\CREDITCLAN\MY_PROJECT\mern_stack\server\controllers\property.controller.js:4:11)
    at C:\CREDITCLAN\MY_PROJECT\mern_stack\server\node_modules\express-async-errors\index.js:17:20
    at Layer.handle [as handle_request] (C:\CREDITCLAN\MY_PROJECT\mern_stack\server\node_modules\express\lib\router\layer.js:95:5)
    at next (C:\CREDITCLAN\MY_PROJECT\mern_stack\server\node_modules\express\lib\router\route.js:137:13)
    at Route.dispatch (C:\CREDITCLAN\MY_PROJECT\mern_stack\server\node_modules\express\lib\router\route.js:112:3)
    at C:\CREDITCLAN\MY_PROJECT\mern_stack\server\node_modules\express-async-errors\index.js:17:20
    at Layer.handle [as handle_request] (C:\CREDITCLAN\MY_PROJECT\mern_stack\server\node_modules\express\lib\router\layer.js:95:5)
    at C:\CREDITCLAN\MY_PROJECT\mern_stack\server\node_modules\express\lib\router\index.js:281:22
    at Function.process_params (C:\CREDITCLAN\MY_PROJECT\mern_stack\server\node_modules\express\lib\router\index.js:341:12)
    at next (C:\CREDITCLAN\MY_PROJECT\mern_stack\server\node_modules\express\lib\router\index.js:275:10) }
{ time: [34m27-06-2022 12:57:23[39m level: [31merror[39m message: Cannot destructure property 'country' of 'req.bod' as it is undefined.Cannot destructure property 'country' of 'req.bod' as it is undefined. stack: TypeError: Cannot destructure property 'country' of 'req.bod' as it is undefined.
    at exports.getPaginatedProperty (C:\CREDITCLAN\MY_PROJECT\mern_stack\server\controllers\property.controller.js:4:11)
    at C:\CREDITCLAN\MY_PROJECT\mern_stack\server\node_modules\express-async-errors\index.js:17:20
    at Layer.handle [as handle_request] (C:\CREDITCLAN\MY_PROJECT\mern_stack\server\node_modules\express\lib\router\layer.js:95:5)
    at next (C:\CREDITCLAN\MY_PROJECT\mern_stack\server\node_modules\express\lib\router\route.js:137:13)
    at Route.dispatch (C:\CREDITCLAN\MY_PROJECT\mern_stack\server\node_modules\express\lib\router\route.js:112:3)
    at C:\CREDITCLAN\MY_PROJECT\mern_stack\server\node_modules\express-async-errors\index.js:17:20
    at Layer.handle [as handle_request] (C:\CREDITCLAN\MY_PROJECT\mern_stack\server\node_modules\express\lib\router\layer.js:95:5)
    at C:\CREDITCLAN\MY_PROJECT\mern_stack\server\node_modules\express\lib\router\index.js:281:22
    at Function.process_params (C:\CREDITCLAN\MY_PROJECT\mern_stack\server\node_modules\express\lib\router\index.js:341:12)
    at next (C:\CREDITCLAN\MY_PROJECT\mern_stack\server\node_modules\express\lib\router\index.js:275:10) }
{ time: [34m27-06-2022 12:57:27[39m level: [31merror[39m message: Cannot destructure property 'country' of 'req.bod' as it is undefined.Cannot destructure property 'country' of 'req.bod' as it is undefined. stack: TypeError: Cannot destructure property 'country' of 'req.bod' as it is undefined.
    at exports.getPaginatedProperty (C:\CREDITCLAN\MY_PROJECT\mern_stack\server\controllers\property.controller.js:4:11)
    at C:\CREDITCLAN\MY_PROJECT\mern_stack\server\node_modules\express-async-errors\index.js:17:20
    at Layer.handle [as handle_request] (C:\CREDITCLAN\MY_PROJECT\mern_stack\server\node_modules\express\lib\router\layer.js:95:5)
    at next (C:\CREDITCLAN\MY_PROJECT\mern_stack\server\node_modules\express\lib\router\route.js:137:13)
    at Route.dispatch (C:\CREDITCLAN\MY_PROJECT\mern_stack\server\node_modules\express\lib\router\route.js:112:3)
    at C:\CREDITCLAN\MY_PROJECT\mern_stack\server\node_modules\express-async-errors\index.js:17:20
    at Layer.handle [as handle_request] (C:\CREDITCLAN\MY_PROJECT\mern_stack\server\node_modules\express\lib\router\layer.js:95:5)
    at C:\CREDITCLAN\MY_PROJECT\mern_stack\server\node_modules\express\lib\router\index.js:281:22
    at Function.process_params (C:\CREDITCLAN\MY_PROJECT\mern_stack\server\node_modules\express\lib\router\index.js:341:12)
    at next (C:\CREDITCLAN\MY_PROJECT\mern_stack\server\node_modules\express\lib\router\index.js:275:10) }
{ time: [34m27-06-2022 13:06:35[39m level: [31merror[39m message: Cannot destructure property 'country' of 'req.bod' as it is undefined.Cannot destructure property 'country' of 'req.bod' as it is undefined. stack: TypeError: Cannot destructure property 'country' of 'req.bod' as it is undefined.
    at exports.getPaginatedProperty (C:\CREDITCLAN\MY_PROJECT\mern_stack\server\controllers\property.controller.js:4:11)
    at C:\CREDITCLAN\MY_PROJECT\mern_stack\server\node_modules\express-async-errors\index.js:17:20
    at Layer.handle [as handle_request] (C:\CREDITCLAN\MY_PROJECT\mern_stack\server\node_modules\express\lib\router\layer.js:95:5)
    at next (C:\CREDITCLAN\MY_PROJECT\mern_stack\server\node_modules\express\lib\router\route.js:137:13)
    at Route.dispatch (C:\CREDITCLAN\MY_PROJECT\mern_stack\server\node_modules\express\lib\router\route.js:112:3)
    at C:\CREDITCLAN\MY_PROJECT\mern_stack\server\node_modules\express-async-errors\index.js:17:20
    at Layer.handle [as handle_request] (C:\CREDITCLAN\MY_PROJECT\mern_stack\server\node_modules\express\lib\router\layer.js:95:5)
    at C:\CREDITCLAN\MY_PROJECT\mern_stack\server\node_modules\express\lib\router\index.js:281:22
    at Function.process_params (C:\CREDITCLAN\MY_PROJECT\mern_stack\server\node_modules\express\lib\router\index.js:341:12)
    at next (C:\CREDITCLAN\MY_PROJECT\mern_stack\server\node_modules\express\lib\router\index.js:275:10) }
{ time: [34m27-06-2022 13:09:33[39m level: [31merror[39m message: Cannot destructure property 'country' of 'req.bod' as it is undefined.Cannot destructure property 'country' of 'req.bod' as it is undefined. stack: TypeError: Cannot destructure property 'country' of 'req.bod' as it is undefined.
    at exports.getPaginatedProperty (C:\CREDITCLAN\MY_PROJECT\mern_stack\server\controllers\property.controller.js:4:11)
    at C:\CREDITCLAN\MY_PROJECT\mern_stack\server\node_modules\express-async-errors\index.js:17:20
    at Layer.handle [as handle_request] (C:\CREDITCLAN\MY_PROJECT\mern_stack\server\node_modules\express\lib\router\layer.js:95:5)
    at next (C:\CREDITCLAN\MY_PROJECT\mern_stack\server\node_modules\express\lib\router\route.js:137:13)
    at Route.dispatch (C:\CREDITCLAN\MY_PROJECT\mern_stack\server\node_modules\express\lib\router\route.js:112:3)
    at C:\CREDITCLAN\MY_PROJECT\mern_stack\server\node_modules\express-async-errors\index.js:17:20
    at Layer.handle [as handle_request] (C:\CREDITCLAN\MY_PROJECT\mern_stack\server\node_modules\express\lib\router\layer.js:95:5)
    at C:\CREDITCLAN\MY_PROJECT\mern_stack\server\node_modules\express\lib\router\index.js:281:22
    at Function.process_params (C:\CREDITCLAN\MY_PROJECT\mern_stack\server\node_modules\express\lib\router\index.js:341:12)
    at next (C:\CREDITCLAN\MY_PROJECT\mern_stack\server\node_modules\express\lib\router\index.js:275:10) }
{ time: [34m27-06-2022 13:09:50[39m level: [31merror[39m message: Cannot destructure property 'country' of 'req.bod' as it is undefined.Cannot destructure property 'country' of 'req.bod' as it is undefined. stack: TypeError: Cannot destructure property 'country' of 'req.bod' as it is undefined.
    at exports.getPaginatedProperty (C:\CREDITCLAN\MY_PROJECT\mern_stack\server\controllers\property.controller.js:4:11)
    at C:\CREDITCLAN\MY_PROJECT\mern_stack\server\node_modules\express-async-errors\index.js:17:20
    at Layer.handle [as handle_request] (C:\CREDITCLAN\MY_PROJECT\mern_stack\server\node_modules\express\lib\router\layer.js:95:5)
    at next (C:\CREDITCLAN\MY_PROJECT\mern_stack\server\node_modules\express\lib\router\route.js:137:13)
    at Route.dispatch (C:\CREDITCLAN\MY_PROJECT\mern_stack\server\node_modules\express\lib\router\route.js:112:3)
    at C:\CREDITCLAN\MY_PROJECT\mern_stack\server\node_modules\express-async-errors\index.js:17:20
    at Layer.handle [as handle_request] (C:\CREDITCLAN\MY_PROJECT\mern_stack\server\node_modules\express\lib\router\layer.js:95:5)
    at C:\CREDITCLAN\MY_PROJECT\mern_stack\server\node_modules\express\lib\router\index.js:281:22
    at Function.process_params (C:\CREDITCLAN\MY_PROJECT\mern_stack\server\node_modules\express\lib\router\index.js:341:12)
    at next (C:\CREDITCLAN\MY_PROJECT\mern_stack\server\node_modules\express\lib\router\index.js:275:10) }
{ time: [34m27-06-2022 13:10:02[39m level: [31merror[39m message: Cannot destructure property 'country' of 'req.bod' as it is undefined.Cannot destructure property 'country' of 'req.bod' as it is undefined. stack: TypeError: Cannot destructure property 'country' of 'req.bod' as it is undefined.
    at exports.getPaginatedProperty (C:\CREDITCLAN\MY_PROJECT\mern_stack\server\controllers\property.controller.js:4:11)
    at C:\CREDITCLAN\MY_PROJECT\mern_stack\server\node_modules\express-async-errors\index.js:17:20
    at Layer.handle [as handle_request] (C:\CREDITCLAN\MY_PROJECT\mern_stack\server\node_modules\express\lib\router\layer.js:95:5)
    at next (C:\CREDITCLAN\MY_PROJECT\mern_stack\server\node_modules\express\lib\router\route.js:137:13)
    at Route.dispatch (C:\CREDITCLAN\MY_PROJECT\mern_stack\server\node_modules\express\lib\router\route.js:112:3)
    at C:\CREDITCLAN\MY_PROJECT\mern_stack\server\node_modules\express-async-errors\index.js:17:20
    at Layer.handle [as handle_request] (C:\CREDITCLAN\MY_PROJECT\mern_stack\server\node_modules\express\lib\router\layer.js:95:5)
    at C:\CREDITCLAN\MY_PROJECT\mern_stack\server\node_modules\express\lib\router\index.js:281:22
    at Function.process_params (C:\CREDITCLAN\MY_PROJECT\mern_stack\server\node_modules\express\lib\router\index.js:341:12)
    at next (C:\CREDITCLAN\MY_PROJECT\mern_stack\server\node_modules\express\lib\router\index.js:275:10) }
{ time: [34m27-06-2022 13:11:43[39m level: [31merror[39m message: Cannot destructure property 'country' of 'req.bod' as it is undefined.Cannot destructure property 'country' of 'req.bod' as it is undefined. stack: TypeError: Cannot destructure property 'country' of 'req.bod' as it is undefined.
    at exports.getPaginatedProperty (C:\CREDITCLAN\MY_PROJECT\mern_stack\server\controllers\property.controller.js:4:11)
    at C:\CREDITCLAN\MY_PROJECT\mern_stack\server\node_modules\express-async-errors\index.js:17:20
    at Layer.handle [as handle_request] (C:\CREDITCLAN\MY_PROJECT\mern_stack\server\node_modules\express\lib\router\layer.js:95:5)
    at next (C:\CREDITCLAN\MY_PROJECT\mern_stack\server\node_modules\express\lib\router\route.js:137:13)
    at Route.dispatch (C:\CREDITCLAN\MY_PROJECT\mern_stack\server\node_modules\express\lib\router\route.js:112:3)
    at C:\CREDITCLAN\MY_PROJECT\mern_stack\server\node_modules\express-async-errors\index.js:17:20
    at Layer.handle [as handle_request] (C:\CREDITCLAN\MY_PROJECT\mern_stack\server\node_modules\express\lib\router\layer.js:95:5)
    at C:\CREDITCLAN\MY_PROJECT\mern_stack\server\node_modules\express\lib\router\index.js:281:22
    at Function.process_params (C:\CREDITCLAN\MY_PROJECT\mern_stack\server\node_modules\express\lib\router\index.js:341:12)
    at next (C:\CREDITCLAN\MY_PROJECT\mern_stack\server\node_modules\express\lib\router\index.js:275:10) }
{ time: [34m27-06-2022 13:11:44[39m level: [31merror[39m message: Cannot destructure property 'country' of 'req.bod' as it is undefined.Cannot destructure property 'country' of 'req.bod' as it is undefined. stack: TypeError: Cannot destructure property 'country' of 'req.bod' as it is undefined.
    at exports.getPaginatedProperty (C:\CREDITCLAN\MY_PROJECT\mern_stack\server\controllers\property.controller.js:4:11)
    at C:\CREDITCLAN\MY_PROJECT\mern_stack\server\node_modules\express-async-errors\index.js:17:20
    at Layer.handle [as handle_request] (C:\CREDITCLAN\MY_PROJECT\mern_stack\server\node_modules\express\lib\router\layer.js:95:5)
    at next (C:\CREDITCLAN\MY_PROJECT\mern_stack\server\node_modules\express\lib\router\route.js:137:13)
    at Route.dispatch (C:\CREDITCLAN\MY_PROJECT\mern_stack\server\node_modules\express\lib\router\route.js:112:3)
    at C:\CREDITCLAN\MY_PROJECT\mern_stack\server\node_modules\express-async-errors\index.js:17:20
    at Layer.handle [as handle_request] (C:\CREDITCLAN\MY_PROJECT\mern_stack\server\node_modules\express\lib\router\layer.js:95:5)
    at C:\CREDITCLAN\MY_PROJECT\mern_stack\server\node_modules\express\lib\router\index.js:281:22
    at Function.process_params (C:\CREDITCLAN\MY_PROJECT\mern_stack\server\node_modules\express\lib\router\index.js:341:12)
    at next (C:\CREDITCLAN\MY_PROJECT\mern_stack\server\node_modules\express\lib\router\index.js:275:10) }
{ time: [34m27-06-2022 13:11:46[39m level: [31merror[39m message: Cannot destructure property 'country' of 'req.bod' as it is undefined.Cannot destructure property 'country' of 'req.bod' as it is undefined. stack: TypeError: Cannot destructure property 'country' of 'req.bod' as it is undefined.
    at exports.getPaginatedProperty (C:\CREDITCLAN\MY_PROJECT\mern_stack\server\controllers\property.controller.js:4:11)
    at C:\CREDITCLAN\MY_PROJECT\mern_stack\server\node_modules\express-async-errors\index.js:17:20
    at Layer.handle [as handle_request] (C:\CREDITCLAN\MY_PROJECT\mern_stack\server\node_modules\express\lib\router\layer.js:95:5)
    at next (C:\CREDITCLAN\MY_PROJECT\mern_stack\server\node_modules\express\lib\router\route.js:137:13)
    at Route.dispatch (C:\CREDITCLAN\MY_PROJECT\mern_stack\server\node_modules\express\lib\router\route.js:112:3)
    at C:\CREDITCLAN\MY_PROJECT\mern_stack\server\node_modules\express-async-errors\index.js:17:20
    at Layer.handle [as handle_request] (C:\CREDITCLAN\MY_PROJECT\mern_stack\server\node_modules\express\lib\router\layer.js:95:5)
    at C:\CREDITCLAN\MY_PROJECT\mern_stack\server\node_modules\express\lib\router\index.js:281:22
    at Function.process_params (C:\CREDITCLAN\MY_PROJECT\mern_stack\server\node_modules\express\lib\router\index.js:341:12)
    at next (C:\CREDITCLAN\MY_PROJECT\mern_stack\server\node_modules\express\lib\router\index.js:275:10) }
{ time: [34m27-06-2022 13:11:50[39m level: [31merror[39m message: Cannot destructure property 'country' of 'req.bod' as it is undefined.Cannot destructure property 'country' of 'req.bod' as it is undefined. stack: TypeError: Cannot destructure property 'country' of 'req.bod' as it is undefined.
    at exports.getPaginatedProperty (C:\CREDITCLAN\MY_PROJECT\mern_stack\server\controllers\property.controller.js:4:11)
    at C:\CREDITCLAN\MY_PROJECT\mern_stack\server\node_modules\express-async-errors\index.js:17:20
    at Layer.handle [as handle_request] (C:\CREDITCLAN\MY_PROJECT\mern_stack\server\node_modules\express\lib\router\layer.js:95:5)
    at next (C:\CREDITCLAN\MY_PROJECT\mern_stack\server\node_modules\express\lib\router\route.js:137:13)
    at Route.dispatch (C:\CREDITCLAN\MY_PROJECT\mern_stack\server\node_modules\express\lib\router\route.js:112:3)
    at C:\CREDITCLAN\MY_PROJECT\mern_stack\server\node_modules\express-async-errors\index.js:17:20
    at Layer.handle [as handle_request] (C:\CREDITCLAN\MY_PROJECT\mern_stack\server\node_modules\express\lib\router\layer.js:95:5)
    at C:\CREDITCLAN\MY_PROJECT\mern_stack\server\node_modules\express\lib\router\index.js:281:22
    at Function.process_params (C:\CREDITCLAN\MY_PROJECT\mern_stack\server\node_modules\express\lib\router\index.js:341:12)
    at next (C:\CREDITCLAN\MY_PROJECT\mern_stack\server\node_modules\express\lib\router\index.js:275:10) }
{ time: [34m27-06-2022 15:26:57[39m level: [31merror[39m message: Unexpected token } in JSON at position 42Unexpected token } in JSON at position 42 stack: SyntaxError: Unexpected token } in JSON at position 42
    at JSON.parse (<anonymous>)
    at parse (C:\CREDITCLAN\MY_PROJECT\mern_stack\server\node_modules\body-parser\lib\types\json.js:89:19)
    at C:\CREDITCLAN\MY_PROJECT\mern_stack\server\node_modules\body-parser\lib\read.js:121:18
    at invokeCallback (C:\CREDITCLAN\MY_PROJECT\mern_stack\server\node_modules\raw-body\index.js:224:16)
    at done (C:\CREDITCLAN\MY_PROJECT\mern_stack\server\node_modules\raw-body\index.js:213:7)
    at IncomingMessage.onEnd (C:\CREDITCLAN\MY_PROJECT\mern_stack\server\node_modules\raw-body\index.js:273:7)
    at IncomingMessage.emit (events.js:327:22)
    at endReadableNT (internal/streams/readable.js:1327:12)
    at processTicksAndRejections (internal/process/task_queues.js:80:21) }
{ time: [34m29-06-2022 16:39:51[39m level: [31merror[39m message: property_order validation failed: property: Cast to ObjectId failed for value "4654645" (type string) at path "property"property_order validation failed: property: Cast to ObjectId failed for value "4654645" (type string) at path "property" stack: ValidationError: property_order validation failed: property: Cast to ObjectId failed for value "4654645" (type string) at path "property"
    at model.Document.invalidate (C:\CREDITCLAN\MY_PROJECT\mern_stack\server\node_modules\mongoose\lib\document.js:2938:32)
    at model.$set (C:\CREDITCLAN\MY_PROJECT\mern_stack\server\node_modules\mongoose\lib\document.js:1448:12)
    at model.$set (C:\CREDITCLAN\MY_PROJECT\mern_stack\server\node_modules\mongoose\lib\document.js:1141:16)
    at model.Document (C:\CREDITCLAN\MY_PROJECT\mern_stack\server\node_modules\mongoose\lib\document.js:161:12)
    at model.Model (C:\CREDITCLAN\MY_PROJECT\mern_stack\server\node_modules\mongoose\lib\model.js:114:12)
    at new model (C:\CREDITCLAN\MY_PROJECT\mern_stack\server\node_modules\mongoose\lib\model.js:4819:15)
    at exports.createOrder (C:\CREDITCLAN\MY_PROJECT\mern_stack\server\controllers\property.controller.js:109:20)
    at C:\CREDITCLAN\MY_PROJECT\mern_stack\server\node_modules\express-async-errors\index.js:17:20
    at Layer.handle [as handle_request] (C:\CREDITCLAN\MY_PROJECT\mern_stack\server\node_modules\express\lib\router\layer.js:95:5)
    at next (C:\CREDITCLAN\MY_PROJECT\mern_stack\server\node_modules\express\lib\router\route.js:137:13) }
{ time: [34m29-06-2022 17:06:22[39m level: [31merror[39m message: property_order validation failed: message: Path `message` is required., phone: Path `phone` is required., email: Path `email` is required., name: Path `name` is required.property_order validation failed: message: Path `message` is required., phone: Path `phone` is required., email: Path `email` is required., name: Path `name` is required. stack: ValidationError: property_order validation failed: message: Path `message` is required., phone: Path `phone` is required., email: Path `email` is required., name: Path `name` is required.
    at model.Document.invalidate (C:\CREDITCLAN\MY_PROJECT\mern_stack\server\node_modules\mongoose\lib\document.js:2938:32)
    at C:\CREDITCLAN\MY_PROJECT\mern_stack\server\node_modules\mongoose\lib\document.js:2727:17
    at C:\CREDITCLAN\MY_PROJECT\mern_stack\server\node_modules\mongoose\lib\schematype.js:1323:9
    at processTicksAndRejections (internal/process/task_queues.js:75:11) }
{ time: [34m29-06-2022 17:06:30[39m level: [31merror[39m message: property_order validation failed: message: Path `message` is required., phone: Path `phone` is required., email: Path `email` is required., name: Path `name` is required.property_order validation failed: message: Path `message` is required., phone: Path `phone` is required., email: Path `email` is required., name: Path `name` is required. stack: ValidationError: property_order validation failed: message: Path `message` is required., phone: Path `phone` is required., email: Path `email` is required., name: Path `name` is required.
    at model.Document.invalidate (C:\CREDITCLAN\MY_PROJECT\mern_stack\server\node_modules\mongoose\lib\document.js:2938:32)
    at C:\CREDITCLAN\MY_PROJECT\mern_stack\server\node_modules\mongoose\lib\document.js:2727:17
    at C:\CREDITCLAN\MY_PROJECT\mern_stack\server\node_modules\mongoose\lib\schematype.js:1323:9
    at processTicksAndRejections (internal/process/task_queues.js:75:11) }
{ time: [34m29-06-2022 17:10:14[39m level: [31merror[39m message: property_order validation failed: message: Path `message` is required., phone: Path `phone` is required., email: Path `email` is required., name: Path `name` is required.property_order validation failed: message: Path `message` is required., phone: Path `phone` is required., email: Path `email` is required., name: Path `name` is required. stack: ValidationError: property_order validation failed: message: Path `message` is required., phone: Path `phone` is required., email: Path `email` is required., name: Path `name` is required.
    at model.Document.invalidate (C:\CREDITCLAN\MY_PROJECT\mern_stack\server\node_modules\mongoose\lib\document.js:2938:32)
    at C:\CREDITCLAN\MY_PROJECT\mern_stack\server\node_modules\mongoose\lib\document.js:2727:17
    at C:\CREDITCLAN\MY_PROJECT\mern_stack\server\node_modules\mongoose\lib\schematype.js:1323:9
    at processTicksAndRejections (internal/process/task_queues.js:75:11) }
{ time: [34m29-06-2022 17:10:39[39m level: [31merror[39m message: property_order validation failed: message: Path `message` is required., phone: Path `phone` is required., email: Path `email` is required., name: Path `name` is required.property_order validation failed: message: Path `message` is required., phone: Path `phone` is required., email: Path `email` is required., name: Path `name` is required. stack: ValidationError: property_order validation failed: message: Path `message` is required., phone: Path `phone` is required., email: Path `email` is required., name: Path `name` is required.
    at model.Document.invalidate (C:\CREDITCLAN\MY_PROJECT\mern_stack\server\node_modules\mongoose\lib\document.js:2938:32)
    at C:\CREDITCLAN\MY_PROJECT\mern_stack\server\node_modules\mongoose\lib\document.js:2727:17
    at C:\CREDITCLAN\MY_PROJECT\mern_stack\server\node_modules\mongoose\lib\schematype.js:1323:9
    at processTicksAndRejections (internal/process/task_queues.js:75:11) }
{ time: [34m29-06-2022 17:10:41[39m level: [31merror[39m message: property_order validation failed: message: Path `message` is required., phone: Path `phone` is required., email: Path `email` is required., name: Path `name` is required.property_order validation failed: message: Path `message` is required., phone: Path `phone` is required., email: Path `email` is required., name: Path `name` is required. stack: ValidationError: property_order validation failed: message: Path `message` is required., phone: Path `phone` is required., email: Path `email` is required., name: Path `name` is required.
    at model.Document.invalidate (C:\CREDITCLAN\MY_PROJECT\mern_stack\server\node_modules\mongoose\lib\document.js:2938:32)
    at C:\CREDITCLAN\MY_PROJECT\mern_stack\server\node_modules\mongoose\lib\document.js:2727:17
    at C:\CREDITCLAN\MY_PROJECT\mern_stack\server\node_modules\mongoose\lib\schematype.js:1323:9
    at processTicksAndRejections (internal/process/task_queues.js:75:11) }
{ time: [34m29-06-2022 17:10:43[39m level: [31merror[39m message: property_order validation failed: message: Path `message` is required., phone: Path `phone` is required., email: Path `email` is required., name: Path `name` is required.property_order validation failed: message: Path `message` is required., phone: Path `phone` is required., email: Path `email` is required., name: Path `name` is required. stack: ValidationError: property_order validation failed: message: Path `message` is required., phone: Path `phone` is required., email: Path `email` is required., name: Path `name` is required.
    at model.Document.invalidate (C:\CREDITCLAN\MY_PROJECT\mern_stack\server\node_modules\mongoose\lib\document.js:2938:32)
    at C:\CREDITCLAN\MY_PROJECT\mern_stack\server\node_modules\mongoose\lib\document.js:2727:17
    at C:\CREDITCLAN\MY_PROJECT\mern_stack\server\node_modules\mongoose\lib\schematype.js:1323:9
    at processTicksAndRejections (internal/process/task_queues.js:75:11) }
{ time: [34m29-06-2022 17:10:44[39m level: [31merror[39m message: property_order validation failed: message: Path `message` is required., phone: Path `phone` is required., email: Path `email` is required., name: Path `name` is required.property_order validation failed: message: Path `message` is required., phone: Path `phone` is required., email: Path `email` is required., name: Path `name` is required. stack: ValidationError: property_order validation failed: message: Path `message` is required., phone: Path `phone` is required., email: Path `email` is required., name: Path `name` is required.
    at model.Document.invalidate (C:\CREDITCLAN\MY_PROJECT\mern_stack\server\node_modules\mongoose\lib\document.js:2938:32)
    at C:\CREDITCLAN\MY_PROJECT\mern_stack\server\node_modules\mongoose\lib\document.js:2727:17
    at C:\CREDITCLAN\MY_PROJECT\mern_stack\server\node_modules\mongoose\lib\schematype.js:1323:9
    at processTicksAndRejections (internal/process/task_queues.js:75:11) }
{ time: [34m29-06-2022 17:10:45[39m level: [31merror[39m message: property_order validation failed: message: Path `message` is required., phone: Path `phone` is required., email: Path `email` is required., name: Path `name` is required.property_order validation failed: message: Path `message` is required., phone: Path `phone` is required., email: Path `email` is required., name: Path `name` is required. stack: ValidationError: property_order validation failed: message: Path `message` is required., phone: Path `phone` is required., email: Path `email` is required., name: Path `name` is required.
    at model.Document.invalidate (C:\CREDITCLAN\MY_PROJECT\mern_stack\server\node_modules\mongoose\lib\document.js:2938:32)
    at C:\CREDITCLAN\MY_PROJECT\mern_stack\server\node_modules\mongoose\lib\document.js:2727:17
    at C:\CREDITCLAN\MY_PROJECT\mern_stack\server\node_modules\mongoose\lib\schematype.js:1323:9
    at processTicksAndRejections (internal/process/task_queues.js:75:11) }
{ time: [34m29-06-2022 17:10:46[39m level: [31merror[39m message: property_order validation failed: message: Path `message` is required., phone: Path `phone` is required., email: Path `email` is required., name: Path `name` is required.property_order validation failed: message: Path `message` is required., phone: Path `phone` is required., email: Path `email` is required., name: Path `name` is required. stack: ValidationError: property_order validation failed: message: Path `message` is required., phone: Path `phone` is required., email: Path `email` is required., name: Path `name` is required.
    at model.Document.invalidate (C:\CREDITCLAN\MY_PROJECT\mern_stack\server\node_modules\mongoose\lib\document.js:2938:32)
    at C:\CREDITCLAN\MY_PROJECT\mern_stack\server\node_modules\mongoose\lib\document.js:2727:17
    at C:\CREDITCLAN\MY_PROJECT\mern_stack\server\node_modules\mongoose\lib\schematype.js:1323:9
    at processTicksAndRejections (internal/process/task_queues.js:75:11) }
{ time: [34m29-06-2022 17:16:13[39m level: [31merror[39m message: property_order validation failed: message: Path `message` is required., phone: Path `phone` is required., email: Path `email` is required., name: Path `name` is required.property_order validation failed: message: Path `message` is required., phone: Path `phone` is required., email: Path `email` is required., name: Path `name` is required. stack: ValidationError: property_order validation failed: message: Path `message` is required., phone: Path `phone` is required., email: Path `email` is required., name: Path `name` is required.
    at model.Document.invalidate (C:\CREDITCLAN\MY_PROJECT\mern_stack\server\node_modules\mongoose\lib\document.js:2938:32)
    at C:\CREDITCLAN\MY_PROJECT\mern_stack\server\node_modules\mongoose\lib\document.js:2727:17
    at C:\CREDITCLAN\MY_PROJECT\mern_stack\server\node_modules\mongoose\lib\schematype.js:1323:9
    at processTicksAndRejections (internal/process/task_queues.js:75:11) }
{ time: [34m29-06-2022 17:18:23[39m level: [31merror[39m message: property_order validation failed: message: Path `message` is required., phone: Path `phone` is required., email: Path `email` is required., name: Path `name` is required.property_order validation failed: message: Path `message` is required., phone: Path `phone` is required., email: Path `email` is required., name: Path `name` is required. stack: ValidationError: property_order validation failed: message: Path `message` is required., phone: Path `phone` is required., email: Path `email` is required., name: Path `name` is required.
    at model.Document.invalidate (C:\CREDITCLAN\MY_PROJECT\mern_stack\server\node_modules\mongoose\lib\document.js:2938:32)
    at C:\CREDITCLAN\MY_PROJECT\mern_stack\server\node_modules\mongoose\lib\document.js:2727:17
    at C:\CREDITCLAN\MY_PROJECT\mern_stack\server\node_modules\mongoose\lib\schematype.js:1323:9
    at processTicksAndRejections (internal/process/task_queues.js:75:11) }
{ time: [34m29-06-2022 17:21:00[39m level: [31merror[39m message: property_order validation failed: message: Path `message` is required., phone: Path `phone` is required., email: Path `email` is required., name: Path `name` is required.property_order validation failed: message: Path `message` is required., phone: Path `phone` is required., email: Path `email` is required., name: Path `name` is required. stack: ValidationError: property_order validation failed: message: Path `message` is required., phone: Path `phone` is required., email: Path `email` is required., name: Path `name` is required.
    at model.Document.invalidate (C:\CREDITCLAN\MY_PROJECT\mern_stack\server\node_modules\mongoose\lib\document.js:2938:32)
    at C:\CREDITCLAN\MY_PROJECT\mern_stack\server\node_modules\mongoose\lib\document.js:2727:17
    at C:\CREDITCLAN\MY_PROJECT\mern_stack\server\node_modules\mongoose\lib\schematype.js:1323:9
    at processTicksAndRejections (internal/process/task_queues.js:75:11) }
{ time: [34m29-06-2022 17:39:58[39m level: [31merror[39m message: property_order validation failed: message: Path `message` is required., phone: Path `phone` is required., email: Path `email` is required., name: Path `name` is required.property_order validation failed: message: Path `message` is required., phone: Path `phone` is required., email: Path `email` is required., name: Path `name` is required. stack: ValidationError: property_order validation failed: message: Path `message` is required., phone: Path `phone` is required., email: Path `email` is required., name: Path `name` is required.
    at model.Document.invalidate (C:\CREDITCLAN\MY_PROJECT\mern_stack\server\node_modules\mongoose\lib\document.js:2938:32)
    at C:\CREDITCLAN\MY_PROJECT\mern_stack\server\node_modules\mongoose\lib\document.js:2727:17
    at C:\CREDITCLAN\MY_PROJECT\mern_stack\server\node_modules\mongoose\lib\schematype.js:1323:9
    at processTicksAndRejections (internal/process/task_queues.js:75:11) }
{ time: [34m29-06-2022 22:09:40[39m level: [31merror[39m message: Cast to ObjectId failed for value "orders" (type string) at path "_id" for model "properties"Cast to ObjectId failed for value "orders" (type string) at path "_id" for model "properties" stack: CastError: Cast to ObjectId failed for value "orders" (type string) at path "_id" for model "properties"
    at model.Query.exec (C:\CREDITCLAN\MY_PROJECT\mern_stack\server\node_modules\mongoose\lib\query.js:4650:21)
    at model.Query.Query.then (C:\CREDITCLAN\MY_PROJECT\mern_stack\server\node_modules\mongoose\lib\query.js:4749:15)
    at runMicrotasks (<anonymous>)
    at processTicksAndRejections (internal/process/task_queues.js:93:5) }
{ time: [34m29-06-2022 22:09:41[39m level: [31merror[39m message: Cast to ObjectId failed for value "orders" (type string) at path "_id" for model "properties"Cast to ObjectId failed for value "orders" (type string) at path "_id" for model "properties" stack: CastError: Cast to ObjectId failed for value "orders" (type string) at path "_id" for model "properties"
    at model.Query.exec (C:\CREDITCLAN\MY_PROJECT\mern_stack\server\node_modules\mongoose\lib\query.js:4650:21)
    at model.Query.Query.then (C:\CREDITCLAN\MY_PROJECT\mern_stack\server\node_modules\mongoose\lib\query.js:4749:15)
    at runMicrotasks (<anonymous>)
    at processTicksAndRejections (internal/process/task_queues.js:93:5) }
{ time: [34m29-06-2022 22:09:43[39m level: [31merror[39m message: Cast to ObjectId failed for value "orders" (type string) at path "_id" for model "properties"Cast to ObjectId failed for value "orders" (type string) at path "_id" for model "properties" stack: CastError: Cast to ObjectId failed for value "orders" (type string) at path "_id" for model "properties"
    at model.Query.exec (C:\CREDITCLAN\MY_PROJECT\mern_stack\server\node_modules\mongoose\lib\query.js:4650:21)
    at model.Query.Query.then (C:\CREDITCLAN\MY_PROJECT\mern_stack\server\node_modules\mongoose\lib\query.js:4749:15)
    at runMicrotasks (<anonymous>)
    at processTicksAndRejections (internal/process/task_queues.js:93:5) }
{ time: [34m29-06-2022 22:09:47[39m level: [31merror[39m message: Cast to ObjectId failed for value "orders" (type string) at path "_id" for model "properties"Cast to ObjectId failed for value "orders" (type string) at path "_id" for model "properties" stack: CastError: Cast to ObjectId failed for value "orders" (type string) at path "_id" for model "properties"
    at model.Query.exec (C:\CREDITCLAN\MY_PROJECT\mern_stack\server\node_modules\mongoose\lib\query.js:4650:21)
    at model.Query.Query.then (C:\CREDITCLAN\MY_PROJECT\mern_stack\server\node_modules\mongoose\lib\query.js:4749:15)
    at runMicrotasks (<anonymous>)
    at processTicksAndRejections (internal/process/task_queues.js:93:5) }
{ time: [34m29-06-2022 22:19:26[39m level: [31merror[39m message: Cast to ObjectId failed for value "orders" (type string) at path "_id" for model "properties"Cast to ObjectId failed for value "orders" (type string) at path "_id" for model "properties" stack: CastError: Cast to ObjectId failed for value "orders" (type string) at path "_id" for model "properties"
    at model.Query.exec (C:\CREDITCLAN\MY_PROJECT\mern_stack\server\node_modules\mongoose\lib\query.js:4650:21)
    at model.Query.Query.then (C:\CREDITCLAN\MY_PROJECT\mern_stack\server\node_modules\mongoose\lib\query.js:4749:15)
    at processTicksAndRejections (internal/process/task_queues.js:93:5) }
{ time: [34m29-06-2022 22:24:29[39m level: [31merror[39m message: Cast to ObjectId failed for value "orders" (type string) at path "_id" for model "properties"Cast to ObjectId failed for value "orders" (type string) at path "_id" for model "properties" stack: CastError: Cast to ObjectId failed for value "orders" (type string) at path "_id" for model "properties"
    at model.Query.exec (C:\CREDITCLAN\MY_PROJECT\mern_stack\server\node_modules\mongoose\lib\query.js:4650:21)
    at model.Query.Query.then (C:\CREDITCLAN\MY_PROJECT\mern_stack\server\node_modules\mongoose\lib\query.js:4749:15)
    at processTicksAndRejections (internal/process/task_queues.js:93:5) }
{ time: [34m29-06-2022 22:24:31[39m level: [31merror[39m message: Cast to ObjectId failed for value "orders" (type string) at path "_id" for model "properties"Cast to ObjectId failed for value "orders" (type string) at path "_id" for model "properties" stack: CastError: Cast to ObjectId failed for value "orders" (type string) at path "_id" for model "properties"
    at model.Query.exec (C:\CREDITCLAN\MY_PROJECT\mern_stack\server\node_modules\mongoose\lib\query.js:4650:21)
    at model.Query.Query.then (C:\CREDITCLAN\MY_PROJECT\mern_stack\server\node_modules\mongoose\lib\query.js:4749:15)
    at processTicksAndRejections (internal/process/task_queues.js:93:5) }
{ time: [34m29-06-2022 22:24:35[39m level: [31merror[39m message: Cast to ObjectId failed for value "orders" (type string) at path "_id" for model "properties"Cast to ObjectId failed for value "orders" (type string) at path "_id" for model "properties" stack: CastError: Cast to ObjectId failed for value "orders" (type string) at path "_id" for model "properties"
    at model.Query.exec (C:\CREDITCLAN\MY_PROJECT\mern_stack\server\node_modules\mongoose\lib\query.js:4650:21)
    at model.Query.Query.then (C:\CREDITCLAN\MY_PROJECT\mern_stack\server\node_modules\mongoose\lib\query.js:4749:15)
    at processTicksAndRejections (internal/process/task_queues.js:93:5) }
{ time: [34m29-06-2022 22:26:20[39m level: [31merror[39m message: Cast to ObjectId failed for value "orders" (type string) at path "_id" for model "properties"Cast to ObjectId failed for value "orders" (type string) at path "_id" for model "properties" stack: CastError: Cast to ObjectId failed for value "orders" (type string) at path "_id" for model "properties"
    at model.Query.exec (C:\CREDITCLAN\MY_PROJECT\mern_stack\server\node_modules\mongoose\lib\query.js:4650:21)
    at model.Query.Query.then (C:\CREDITCLAN\MY_PROJECT\mern_stack\server\node_modules\mongoose\lib\query.js:4749:15)
    at processTicksAndRejections (internal/process/task_queues.js:93:5) }
{ time: [34m29-06-2022 22:26:21[39m level: [31merror[39m message: Cast to ObjectId failed for value "orders" (type string) at path "_id" for model "properties"Cast to ObjectId failed for value "orders" (type string) at path "_id" for model "properties" stack: CastError: Cast to ObjectId failed for value "orders" (type string) at path "_id" for model "properties"
    at model.Query.exec (C:\CREDITCLAN\MY_PROJECT\mern_stack\server\node_modules\mongoose\lib\query.js:4650:21)
    at model.Query.Query.then (C:\CREDITCLAN\MY_PROJECT\mern_stack\server\node_modules\mongoose\lib\query.js:4749:15)
    at processTicksAndRejections (internal/process/task_queues.js:93:5) }
{ time: [34m29-06-2022 22:26:23[39m level: [31merror[39m message: Cast to ObjectId failed for value "orders" (type string) at path "_id" for model "properties"Cast to ObjectId failed for value "orders" (type string) at path "_id" for model "properties" stack: CastError: Cast to ObjectId failed for value "orders" (type string) at path "_id" for model "properties"
    at model.Query.exec (C:\CREDITCLAN\MY_PROJECT\mern_stack\server\node_modules\mongoose\lib\query.js:4650:21)
    at model.Query.Query.then (C:\CREDITCLAN\MY_PROJECT\mern_stack\server\node_modules\mongoose\lib\query.js:4749:15)
    at processTicksAndRejections (internal/process/task_queues.js:93:5) }
{ time: [34m29-06-2022 22:26:27[39m level: [31merror[39m message: Cast to ObjectId failed for value "orders" (type string) at path "_id" for model "properties"Cast to ObjectId failed for value "orders" (type string) at path "_id" for model "properties" stack: CastError: Cast to ObjectId failed for value "orders" (type string) at path "_id" for model "properties"
    at model.Query.exec (C:\CREDITCLAN\MY_PROJECT\mern_stack\server\node_modules\mongoose\lib\query.js:4650:21)
    at model.Query.Query.then (C:\CREDITCLAN\MY_PROJECT\mern_stack\server\node_modules\mongoose\lib\query.js:4749:15)
    at processTicksAndRejections (internal/process/task_queues.js:93:5) }
{ time: [34m29-06-2022 22:34:21[39m level: [31merror[39m message: Cast to ObjectId failed for value "orders" (type string) at path "_id" for model "properties"Cast to ObjectId failed for value "orders" (type string) at path "_id" for model "properties" stack: CastError: Cast to ObjectId failed for value "orders" (type string) at path "_id" for model "properties"
    at model.Query.exec (C:\CREDITCLAN\MY_PROJECT\mern_stack\server\node_modules\mongoose\lib\query.js:4650:21)
    at model.Query.Query.then (C:\CREDITCLAN\MY_PROJECT\mern_stack\server\node_modules\mongoose\lib\query.js:4749:15)
    at processTicksAndRejections (internal/process/task_queues.js:93:5) }
{ time: [34m29-06-2022 22:34:22[39m level: [31merror[39m message: Cast to ObjectId failed for value "orders" (type string) at path "_id" for model "properties"Cast to ObjectId failed for value "orders" (type string) at path "_id" for model "properties" stack: CastError: Cast to ObjectId failed for value "orders" (type string) at path "_id" for model "properties"
    at model.Query.exec (C:\CREDITCLAN\MY_PROJECT\mern_stack\server\node_modules\mongoose\lib\query.js:4650:21)
    at model.Query.Query.then (C:\CREDITCLAN\MY_PROJECT\mern_stack\server\node_modules\mongoose\lib\query.js:4749:15)
    at processTicksAndRejections (internal/process/task_queues.js:93:5) }
{ time: [34m29-06-2022 22:34:24[39m level: [31merror[39m message: Cast to ObjectId failed for value "orders" (type string) at path "_id" for model "properties"Cast to ObjectId failed for value "orders" (type string) at path "_id" for model "properties" stack: CastError: Cast to ObjectId failed for value "orders" (type string) at path "_id" for model "properties"
    at model.Query.exec (C:\CREDITCLAN\MY_PROJECT\mern_stack\server\node_modules\mongoose\lib\query.js:4650:21)
    at model.Query.Query.then (C:\CREDITCLAN\MY_PROJECT\mern_stack\server\node_modules\mongoose\lib\query.js:4749:15)
    at processTicksAndRejections (internal/process/task_queues.js:93:5) }
{ time: [34m29-06-2022 22:34:28[39m level: [31merror[39m message: Cast to ObjectId failed for value "orders" (type string) at path "_id" for model "properties"Cast to ObjectId failed for value "orders" (type string) at path "_id" for model "properties" stack: CastError: Cast to ObjectId failed for value "orders" (type string) at path "_id" for model "properties"
    at model.Query.exec (C:\CREDITCLAN\MY_PROJECT\mern_stack\server\node_modules\mongoose\lib\query.js:4650:21)
    at model.Query.Query.then (C:\CREDITCLAN\MY_PROJECT\mern_stack\server\node_modules\mongoose\lib\query.js:4749:15)
    at processTicksAndRejections (internal/process/task_queues.js:93:5) }
{ time: [34m30-06-2022 13:19:04[39m level: [31merror[39m message: Schema hasn't been registered for model "Property".
Use mongoose.model(name, schema)Schema hasn't been registered for model "Property".
Use mongoose.model(name, schema) stack: MissingSchemaError: Schema hasn't been registered for model "Property".
Use mongoose.model(name, schema)
    at NativeConnection.Connection.model (C:\CREDITCLAN\MY_PROJECT\mern_stack\server\node_modules\mongoose\lib\connection.js:1164:11)
    at _getModelFromConn (C:\CREDITCLAN\MY_PROJECT\mern_stack\server\node_modules\mongoose\lib\helpers\populate\getModelsMapForPopulate.js:576:15)
    at addModelNamesToMap (C:\CREDITCLAN\MY_PROJECT\mern_stack\server\node_modules\mongoose\lib\helpers\populate\getModelsMapForPopulate.js:502:17)
    at getModelsMapForPopulate (C:\CREDITCLAN\MY_PROJECT\mern_stack\server\node_modules\mongoose\lib\helpers\populate\getModelsMapForPopulate.js:196:7)
    at populate (C:\CREDITCLAN\MY_PROJECT\mern_stack\server\node_modules\mongoose\lib\model.js:4485:21)
    at _populate (C:\CREDITCLAN\MY_PROJECT\mern_stack\server\node_modules\mongoose\lib\model.js:4445:5)
    at C:\CREDITCLAN\MY_PROJECT\mern_stack\server\node_modules\mongoose\lib\model.js:4423:5
    at promiseOrCallback (C:\CREDITCLAN\MY_PROJECT\mern_stack\server\node_modules\mongoose\lib\helpers\promiseOrCallback.js:10:12)
    at Mongoose._promiseOrCallback (C:\CREDITCLAN\MY_PROJECT\mern_stack\server\node_modules\mongoose\lib\index.js:1140:10)
    at Function.Model.populate (C:\CREDITCLAN\MY_PROJECT\mern_stack\server\node_modules\mongoose\lib\model.js:4421:23) }
{ time: [34m30-06-2022 13:19:05[39m level: [31merror[39m message: Schema hasn't been registered for model "Property".
Use mongoose.model(name, schema)Schema hasn't been registered for model "Property".
Use mongoose.model(name, schema) stack: MissingSchemaError: Schema hasn't been registered for model "Property".
Use mongoose.model(name, schema)
    at NativeConnection.Connection.model (C:\CREDITCLAN\MY_PROJECT\mern_stack\server\node_modules\mongoose\lib\connection.js:1164:11)
    at _getModelFromConn (C:\CREDITCLAN\MY_PROJECT\mern_stack\server\node_modules\mongoose\lib\helpers\populate\getModelsMapForPopulate.js:576:15)
    at addModelNamesToMap (C:\CREDITCLAN\MY_PROJECT\mern_stack\server\node_modules\mongoose\lib\helpers\populate\getModelsMapForPopulate.js:502:17)
    at getModelsMapForPopulate (C:\CREDITCLAN\MY_PROJECT\mern_stack\server\node_modules\mongoose\lib\helpers\populate\getModelsMapForPopulate.js:196:7)
    at populate (C:\CREDITCLAN\MY_PROJECT\mern_stack\server\node_modules\mongoose\lib\model.js:4485:21)
    at _populate (C:\CREDITCLAN\MY_PROJECT\mern_stack\server\node_modules\mongoose\lib\model.js:4445:5)
    at C:\CREDITCLAN\MY_PROJECT\mern_stack\server\node_modules\mongoose\lib\model.js:4423:5
    at promiseOrCallback (C:\CREDITCLAN\MY_PROJECT\mern_stack\server\node_modules\mongoose\lib\helpers\promiseOrCallback.js:10:12)
    at Mongoose._promiseOrCallback (C:\CREDITCLAN\MY_PROJECT\mern_stack\server\node_modules\mongoose\lib\index.js:1140:10)
    at Function.Model.populate (C:\CREDITCLAN\MY_PROJECT\mern_stack\server\node_modules\mongoose\lib\model.js:4421:23) }
{ time: [34m30-06-2022 13:19:07[39m level: [31merror[39m message: Schema hasn't been registered for model "Property".
Use mongoose.model(name, schema)Schema hasn't been registered for model "Property".
Use mongoose.model(name, schema) stack: MissingSchemaError: Schema hasn't been registered for model "Property".
Use mongoose.model(name, schema)
    at NativeConnection.Connection.model (C:\CREDITCLAN\MY_PROJECT\mern_stack\server\node_modules\mongoose\lib\connection.js:1164:11)
    at _getModelFromConn (C:\CREDITCLAN\MY_PROJECT\mern_stack\server\node_modules\mongoose\lib\helpers\populate\getModelsMapForPopulate.js:576:15)
    at addModelNamesToMap (C:\CREDITCLAN\MY_PROJECT\mern_stack\server\node_modules\mongoose\lib\helpers\populate\getModelsMapForPopulate.js:502:17)
    at getModelsMapForPopulate (C:\CREDITCLAN\MY_PROJECT\mern_stack\server\node_modules\mongoose\lib\helpers\populate\getModelsMapForPopulate.js:196:7)
    at populate (C:\CREDITCLAN\MY_PROJECT\mern_stack\server\node_modules\mongoose\lib\model.js:4485:21)
    at _populate (C:\CREDITCLAN\MY_PROJECT\mern_stack\server\node_modules\mongoose\lib\model.js:4445:5)
    at C:\CREDITCLAN\MY_PROJECT\mern_stack\server\node_modules\mongoose\lib\model.js:4423:5
    at promiseOrCallback (C:\CREDITCLAN\MY_PROJECT\mern_stack\server\node_modules\mongoose\lib\helpers\promiseOrCallback.js:10:12)
    at Mongoose._promiseOrCallback (C:\CREDITCLAN\MY_PROJECT\mern_stack\server\node_modules\mongoose\lib\index.js:1140:10)
    at Function.Model.populate (C:\CREDITCLAN\MY_PROJECT\mern_stack\server\node_modules\mongoose\lib\model.js:4421:23) }
{ time: [34m30-06-2022 13:19:11[39m level: [31merror[39m message: Schema hasn't been registered for model "Property".
Use mongoose.model(name, schema)Schema hasn't been registered for model "Property".
Use mongoose.model(name, schema) stack: MissingSchemaError: Schema hasn't been registered for model "Property".
Use mongoose.model(name, schema)
    at NativeConnection.Connection.model (C:\CREDITCLAN\MY_PROJECT\mern_stack\server\node_modules\mongoose\lib\connection.js:1164:11)
    at _getModelFromConn (C:\CREDITCLAN\MY_PROJECT\mern_stack\server\node_modules\mongoose\lib\helpers\populate\getModelsMapForPopulate.js:576:15)
    at addModelNamesToMap (C:\CREDITCLAN\MY_PROJECT\mern_stack\server\node_modules\mongoose\lib\helpers\populate\getModelsMapForPopulate.js:502:17)
    at getModelsMapForPopulate (C:\CREDITCLAN\MY_PROJECT\mern_stack\server\node_modules\mongoose\lib\helpers\populate\getModelsMapForPopulate.js:196:7)
    at populate (C:\CREDITCLAN\MY_PROJECT\mern_stack\server\node_modules\mongoose\lib\model.js:4485:21)
    at _populate (C:\CREDITCLAN\MY_PROJECT\mern_stack\server\node_modules\mongoose\lib\model.js:4445:5)
    at C:\CREDITCLAN\MY_PROJECT\mern_stack\server\node_modules\mongoose\lib\model.js:4423:5
    at promiseOrCallback (C:\CREDITCLAN\MY_PROJECT\mern_stack\server\node_modules\mongoose\lib\helpers\promiseOrCallback.js:10:12)
    at Mongoose._promiseOrCallback (C:\CREDITCLAN\MY_PROJECT\mern_stack\server\node_modules\mongoose\lib\index.js:1140:10)
    at Function.Model.populate (C:\CREDITCLAN\MY_PROJECT\mern_stack\server\node_modules\mongoose\lib\model.js:4421:23) }
{ time: [34m02-07-2022 00:04:41[39m level: [31merror[39m message: Cannot read property 'secure_url' of undefinedCannot read property 'secure_url' of undefined stack: TypeError: Cannot read property 'secure_url' of undefined
    at exports.createProperty (C:\CREDITCLAN\MY_PROJECT\mern_stack\server\controllers\property.controller.js:154:26)
    at processTicksAndRejections (internal/process/task_queues.js:93:5) }
{ time: [34m02-07-2022 00:08:14[39m level: [31merror[39m message: properties validation failed: agent.image: Path `agent.image` is required., bathrooms: Path `bathrooms` is required., bedrooms: Path `bedrooms` is required., country: Path `country` is required., type: Path `type` is required., image: Path `image` is required.properties validation failed: agent.image: Path `agent.image` is required., bathrooms: Path `bathrooms` is required., bedrooms: Path `bedrooms` is required., country: Path `country` is required., type: Path `type` is required., image: Path `image` is required. stack: ValidationError: properties validation failed: agent.image: Path `agent.image` is required., bathrooms: Path `bathrooms` is required., bedrooms: Path `bedrooms` is required., country: Path `country` is required., type: Path `type` is required., image: Path `image` is required.
    at model.Document.invalidate (C:\CREDITCLAN\MY_PROJECT\mern_stack\server\node_modules\mongoose\lib\document.js:2938:32)
    at C:\CREDITCLAN\MY_PROJECT\mern_stack\server\node_modules\mongoose\lib\document.js:2727:17
    at C:\CREDITCLAN\MY_PROJECT\mern_stack\server\node_modules\mongoose\lib\schematype.js:1323:9
    at processTicksAndRejections (internal/process/task_queues.js:75:11) }
{ time: [34m02-07-2022 00:37:09[39m level: [31merror[39m message: properties validation failed: agent.image: Path `agent.image` is required., bathrooms: Path `bathrooms` is required., bedrooms: Path `bedrooms` is required., country: Path `country` is required., image: Path `image` is required.properties validation failed: agent.image: Path `agent.image` is required., bathrooms: Path `bathrooms` is required., bedrooms: Path `bedrooms` is required., country: Path `country` is required., image: Path `image` is required. stack: ValidationError: properties validation failed: agent.image: Path `agent.image` is required., bathrooms: Path `bathrooms` is required., bedrooms: Path `bedrooms` is required., country: Path `country` is required., image: Path `image` is required.
    at model.Document.invalidate (C:\CREDITCLAN\MY_PROJECT\mern_stack\server\node_modules\mongoose\lib\document.js:2938:32)
    at C:\CREDITCLAN\MY_PROJECT\mern_stack\server\node_modules\mongoose\lib\document.js:2727:17
    at C:\CREDITCLAN\MY_PROJECT\mern_stack\server\node_modules\mongoose\lib\schematype.js:1323:9
    at processTicksAndRejections (internal/process/task_queues.js:75:11) }
{ time: [34m02-07-2022 00:48:29[39m level: [31merror[39m message: properties validation failed: agent.image: Path `agent.image` is required., country: Path `country` is required., image: Path `image` is required.properties validation failed: agent.image: Path `agent.image` is required., country: Path `country` is required., image: Path `image` is required. stack: ValidationError: properties validation failed: agent.image: Path `agent.image` is required., country: Path `country` is required., image: Path `image` is required.
    at model.Document.invalidate (C:\CREDITCLAN\MY_PROJECT\mern_stack\server\node_modules\mongoose\lib\document.js:2938:32)
    at C:\CREDITCLAN\MY_PROJECT\mern_stack\server\node_modules\mongoose\lib\document.js:2727:17
    at C:\CREDITCLAN\MY_PROJECT\mern_stack\server\node_modules\mongoose\lib\schematype.js:1323:9
    at processTicksAndRejections (internal/process/task_queues.js:75:11) }
{ time: [34m02-07-2022 00:53:39[39m level: [31merror[39m message: properties validation failed: agent.image: Path `agent.image` is required., image: Path `image` is required.properties validation failed: agent.image: Path `agent.image` is required., image: Path `image` is required. stack: ValidationError: properties validation failed: agent.image: Path `agent.image` is required., image: Path `image` is required.
    at model.Document.invalidate (C:\CREDITCLAN\MY_PROJECT\mern_stack\server\node_modules\mongoose\lib\document.js:2938:32)
    at C:\CREDITCLAN\MY_PROJECT\mern_stack\server\node_modules\mongoose\lib\document.js:2727:17
    at C:\CREDITCLAN\MY_PROJECT\mern_stack\server\node_modules\mongoose\lib\schematype.js:1323:9
    at processTicksAndRejections (internal/process/task_queues.js:75:11) }
{ time: [34m02-07-2022 00:57:34[39m level: [31merror[39m message: properties validation failed: agent.image: Path `agent.image` is required., image: Path `image` is required.properties validation failed: agent.image: Path `agent.image` is required., image: Path `image` is required. stack: ValidationError: properties validation failed: agent.image: Path `agent.image` is required., image: Path `image` is required.
    at model.Document.invalidate (C:\CREDITCLAN\MY_PROJECT\mern_stack\server\node_modules\mongoose\lib\document.js:2938:32)
    at C:\CREDITCLAN\MY_PROJECT\mern_stack\server\node_modules\mongoose\lib\document.js:2727:17
    at C:\CREDITCLAN\MY_PROJECT\mern_stack\server\node_modules\mongoose\lib\schematype.js:1323:9
    at processTicksAndRejections (internal/process/task_queues.js:75:11) }
{ time: [34m02-07-2022 00:59:33[39m level: [31merror[39m message: properties validation failed: agent.image: Path `agent.image` is required., image: Path `image` is required.properties validation failed: agent.image: Path `agent.image` is required., image: Path `image` is required. stack: ValidationError: properties validation failed: agent.image: Path `agent.image` is required., image: Path `image` is required.
    at model.Document.invalidate (C:\CREDITCLAN\MY_PROJECT\mern_stack\server\node_modules\mongoose\lib\document.js:2938:32)
    at C:\CREDITCLAN\MY_PROJECT\mern_stack\server\node_modules\mongoose\lib\document.js:2727:17
    at C:\CREDITCLAN\MY_PROJECT\mern_stack\server\node_modules\mongoose\lib\schematype.js:1323:9
    at processTicksAndRejections (internal/process/task_queues.js:75:11) }
{ time: [34m02-07-2022 01:02:08[39m level: [31merror[39m message: properties validation failed: agent.image: Path `agent.image` is required., image: Path `image` is required.properties validation failed: agent.image: Path `agent.image` is required., image: Path `image` is required. stack: ValidationError: properties validation failed: agent.image: Path `agent.image` is required., image: Path `image` is required.
    at model.Document.invalidate (C:\CREDITCLAN\MY_PROJECT\mern_stack\server\node_modules\mongoose\lib\document.js:2938:32)
    at C:\CREDITCLAN\MY_PROJECT\mern_stack\server\node_modules\mongoose\lib\document.js:2727:17
    at C:\CREDITCLAN\MY_PROJECT\mern_stack\server\node_modules\mongoose\lib\schematype.js:1323:9
    at processTicksAndRejections (internal/process/task_queues.js:75:11) }
{ time: [34m02-07-2022 01:07:08[39m level: [31merror[39m message: properties validation failed: agent.image: Path `agent.image` is required., image: Path `image` is required.properties validation failed: agent.image: Path `agent.image` is required., image: Path `image` is required. stack: ValidationError: properties validation failed: agent.image: Path `agent.image` is required., image: Path `image` is required.
    at model.Document.invalidate (C:\CREDITCLAN\MY_PROJECT\mern_stack\server\node_modules\mongoose\lib\document.js:2938:32)
    at C:\CREDITCLAN\MY_PROJECT\mern_stack\server\node_modules\mongoose\lib\document.js:2727:17
    at C:\CREDITCLAN\MY_PROJECT\mern_stack\server\node_modules\mongoose\lib\schematype.js:1323:9
    at processTicksAndRejections (internal/process/task_queues.js:75:11) }
{ time: [34m02-07-2022 01:12:26[39m level: [31merror[39m message: properties validation failed: agent.image: Path `agent.image` is required., image: Path `image` is required.properties validation failed: agent.image: Path `agent.image` is required., image: Path `image` is required. stack: ValidationError: properties validation failed: agent.image: Path `agent.image` is required., image: Path `image` is required.
    at model.Document.invalidate (C:\CREDITCLAN\MY_PROJECT\mern_stack\server\node_modules\mongoose\lib\document.js:2938:32)
    at C:\CREDITCLAN\MY_PROJECT\mern_stack\server\node_modules\mongoose\lib\document.js:2727:17
    at C:\CREDITCLAN\MY_PROJECT\mern_stack\server\node_modules\mongoose\lib\schematype.js:1323:9
    at processTicksAndRejections (internal/process/task_queues.js:75:11) }
{ time: [34m02-07-2022 01:13:01[39m level: [31merror[39m message: properties validation failed: agent.image: Path `agent.image` is required., image: Path `image` is required.properties validation failed: agent.image: Path `agent.image` is required., image: Path `image` is required. stack: ValidationError: properties validation failed: agent.image: Path `agent.image` is required., image: Path `image` is required.
    at model.Document.invalidate (C:\CREDITCLAN\MY_PROJECT\mern_stack\server\node_modules\mongoose\lib\document.js:2938:32)
    at C:\CREDITCLAN\MY_PROJECT\mern_stack\server\node_modules\mongoose\lib\document.js:2727:17
    at C:\CREDITCLAN\MY_PROJECT\mern_stack\server\node_modules\mongoose\lib\schematype.js:1323:9
    at processTicksAndRejections (internal/process/task_queues.js:75:11) }
{ time: [34m02-07-2022 01:20:12[39m level: [31merror[39m message: properties validation failed: agent.image: Path `agent.image` is required., image: Path `image` is required.properties validation failed: agent.image: Path `agent.image` is required., image: Path `image` is required. stack: ValidationError: properties validation failed: agent.image: Path `agent.image` is required., image: Path `image` is required.
    at model.Document.invalidate (C:\CREDITCLAN\MY_PROJECT\mern_stack\server\node_modules\mongoose\lib\document.js:2938:32)
    at C:\CREDITCLAN\MY_PROJECT\mern_stack\server\node_modules\mongoose\lib\document.js:2727:17
    at C:\CREDITCLAN\MY_PROJECT\mern_stack\server\node_modules\mongoose\lib\schematype.js:1323:9
    at processTicksAndRejections (internal/process/task_queues.js:75:11) }
{ time: [34m02-07-2022 01:22:09[39m level: [31merror[39m message: properties validation failed: agent.image: Path `agent.image` is required., image: Path `image` is required.properties validation failed: agent.image: Path `agent.image` is required., image: Path `image` is required. stack: ValidationError: properties validation failed: agent.image: Path `agent.image` is required., image: Path `image` is required.
    at model.Document.invalidate (C:\CREDITCLAN\MY_PROJECT\mern_stack\server\node_modules\mongoose\lib\document.js:2938:32)
    at C:\CREDITCLAN\MY_PROJECT\mern_stack\server\node_modules\mongoose\lib\document.js:2727:17
    at C:\CREDITCLAN\MY_PROJECT\mern_stack\server\node_modules\mongoose\lib\schematype.js:1323:9
    at processTicksAndRejections (internal/process/task_queues.js:75:11) }
{ time: [34m02-07-2022 08:18:18[39m level: [31merror[39m message: Operation `properties.countDocuments()` buffering timed out after 10000msOperation `properties.countDocuments()` buffering timed out after 10000ms stack: MongooseError: Operation `properties.countDocuments()` buffering timed out after 10000ms
    at Timeout.<anonymous> (C:\CREDITCLAN\MY_PROJECT\mern_stack\server\node_modules\mongoose\lib\drivers\node-mongodb-native\collection.js:151:23)
    at listOnTimeout (internal/timers.js:554:17)
    at processTimers (internal/timers.js:497:7) }
{ time: [34m02-07-2022 08:18:29[39m level: [31merror[39m message: Operation `properties.countDocuments()` buffering timed out after 10000msOperation `properties.countDocuments()` buffering timed out after 10000ms stack: MongooseError: Operation `properties.countDocuments()` buffering timed out after 10000ms
    at Timeout.<anonymous> (C:\CREDITCLAN\MY_PROJECT\mern_stack\server\node_modules\mongoose\lib\drivers\node-mongodb-native\collection.js:151:23)
    at listOnTimeout (internal/timers.js:554:17)
    at processTimers (internal/timers.js:497:7) }
{ time: [34m02-07-2022 08:19:36[39m level: [31merror[39m message: Operation `properties.countDocuments()` buffering timed out after 10000msOperation `properties.countDocuments()` buffering timed out after 10000ms stack: MongooseError: Operation `properties.countDocuments()` buffering timed out after 10000ms
    at Timeout.<anonymous> (C:\CREDITCLAN\MY_PROJECT\mern_stack\server\node_modules\mongoose\lib\drivers\node-mongodb-native\collection.js:151:23)
    at listOnTimeout (internal/timers.js:554:17)
    at processTimers (internal/timers.js:497:7) }
{ time: [34m02-07-2022 08:20:27[39m level: [31merror[39m message: Operation `properties.countDocuments()` buffering timed out after 10000msOperation `properties.countDocuments()` buffering timed out after 10000ms stack: MongooseError: Operation `properties.countDocuments()` buffering timed out after 10000ms
    at Timeout.<anonymous> (C:\CREDITCLAN\MY_PROJECT\mern_stack\server\node_modules\mongoose\lib\drivers\node-mongodb-native\collection.js:151:23)
    at listOnTimeout (internal/timers.js:554:17)
    at processTimers (internal/timers.js:497:7) }
{ time: [34m02-07-2022 08:50:15[39m level: [31merror[39m message: request aborted stack: BadRequestError: request aborted
    at IncomingMessage.onAborted (C:\CREDITCLAN\MY_PROJECT\mern_stack\server\node_modules\raw-body\index.js:231:10)
    at IncomingMessage.emit (events.js:315:20)
    at abortIncoming (_http_server.js:561:9)
    at socketOnClose (_http_server.js:554:3)
    at Socket.emit (events.js:327:22)
    at TCP.<anonymous> (net.js:673:12) }
{ time: [34m02-07-2022 19:07:44[39m level: [31merror[39m message: request aborted stack: BadRequestError: request aborted
    at IncomingMessage.onAborted (C:\CREDITCLAN\MY_PROJECT\mern_stack\server\node_modules\raw-body\index.js:231:10)
    at IncomingMessage.emit (events.js:315:20)
    at abortIncoming (_http_server.js:561:9)
    at socketOnClose (_http_server.js:554:3)
    at Socket.emit (events.js:327:22)
    at TCP.<anonymous> (net.js:673:12) }
{ time: [34m02-07-2022 19:09:09[39m level: [31merror[39m message: request aborted stack: BadRequestError: request aborted
    at IncomingMessage.onAborted (C:\CREDITCLAN\MY_PROJECT\mern_stack\server\node_modules\raw-body\index.js:231:10)
    at IncomingMessage.emit (events.js:315:20)
    at abortIncoming (_http_server.js:561:9)
    at socketOnClose (_http_server.js:554:3)
    at Socket.emit (events.js:327:22)
    at TCP.<anonymous> (net.js:673:12) }
{ time: [34m03-07-2022 17:56:22[39m level: [31merror[39m message: Cast to ObjectId failed for value "option" (type string) at path "_id" for model "properties"Cast to ObjectId failed for value "option" (type string) at path "_id" for model "properties" stack: CastError: Cast to ObjectId failed for value "option" (type string) at path "_id" for model "properties"
    at model.Query.exec (C:\CREDITCLAN\MY_PROJECT\mern_stack\server\node_modules\mongoose\lib\query.js:4650:21)
    at model.Query.Query.then (C:\CREDITCLAN\MY_PROJECT\mern_stack\server\node_modules\mongoose\lib\query.js:4749:15)
    at processTicksAndRejections (internal/process/task_queues.js:93:5) }
{ time: [34m03-07-2022 17:56:26[39m level: [31merror[39m message: Cast to ObjectId failed for value "option" (type string) at path "_id" for model "properties"Cast to ObjectId failed for value "option" (type string) at path "_id" for model "properties" stack: CastError: Cast to ObjectId failed for value "option" (type string) at path "_id" for model "properties"
    at model.Query.exec (C:\CREDITCLAN\MY_PROJECT\mern_stack\server\node_modules\mongoose\lib\query.js:4650:21)
    at model.Query.Query.then (C:\CREDITCLAN\MY_PROJECT\mern_stack\server\node_modules\mongoose\lib\query.js:4749:15)
    at processTicksAndRejections (internal/process/task_queues.js:93:5) }
{ time: [34m03-07-2022 17:56:30[39m level: [31merror[39m message: Cast to ObjectId failed for value "option" (type string) at path "_id" for model "properties"Cast to ObjectId failed for value "option" (type string) at path "_id" for model "properties" stack: CastError: Cast to ObjectId failed for value "option" (type string) at path "_id" for model "properties"
    at model.Query.exec (C:\CREDITCLAN\MY_PROJECT\mern_stack\server\node_modules\mongoose\lib\query.js:4650:21)
    at model.Query.Query.then (C:\CREDITCLAN\MY_PROJECT\mern_stack\server\node_modules\mongoose\lib\query.js:4749:15)
    at processTicksAndRejections (internal/process/task_queues.js:93:5) }
{ time: [34m03-07-2022 17:56:42[39m level: [31merror[39m message: Cast to ObjectId failed for value "option" (type string) at path "_id" for model "properties"Cast to ObjectId failed for value "option" (type string) at path "_id" for model "properties" stack: CastError: Cast to ObjectId failed for value "option" (type string) at path "_id" for model "properties"
    at model.Query.exec (C:\CREDITCLAN\MY_PROJECT\mern_stack\server\node_modules\mongoose\lib\query.js:4650:21)
    at model.Query.Query.then (C:\CREDITCLAN\MY_PROJECT\mern_stack\server\node_modules\mongoose\lib\query.js:4749:15)
    at processTicksAndRejections (internal/process/task_queues.js:93:5) }
{ time: [34m03-07-2022 19:55:11[39m level: [31merror[39m message: Operation `properties.countDocuments()` buffering timed out after 10000msOperation `properties.countDocuments()` buffering timed out after 10000ms stack: MongooseError: Operation `properties.countDocuments()` buffering timed out after 10000ms
    at Timeout.<anonymous> (C:\CREDITCLAN\MY_PROJECT\mern_stack\server\node_modules\mongoose\lib\drivers\node-mongodb-native\collection.js:151:23)
    at listOnTimeout (internal/timers.js:554:17)
    at processTimers (internal/timers.js:497:7) }
{ time: [34m03-07-2022 19:55:17[39m level: [31merror[39m message: Operation `properties.countDocuments()` buffering timed out after 10000msOperation `properties.countDocuments()` buffering timed out after 10000ms stack: MongooseError: Operation `properties.countDocuments()` buffering timed out after 10000ms
    at Timeout.<anonymous> (C:\CREDITCLAN\MY_PROJECT\mern_stack\server\node_modules\mongoose\lib\drivers\node-mongodb-native\collection.js:151:23)
    at listOnTimeout (internal/timers.js:554:17)
    at processTimers (internal/timers.js:497:7) }
{ time: [34m03-07-2022 20:21:28[39m level: [31merror[39m message: Operation `properties.countDocuments()` buffering timed out after 10000msOperation `properties.countDocuments()` buffering timed out after 10000ms stack: MongooseError: Operation `properties.countDocuments()` buffering timed out after 10000ms
    at Timeout.<anonymous> (C:\CREDITCLAN\MY_PROJECT\mern_stack\server\node_modules\mongoose\lib\drivers\node-mongodb-native\collection.js:151:23)
    at listOnTimeout (internal/timers.js:554:17)
    at processTimers (internal/timers.js:497:7) }
{ time: [34m03-07-2022 20:21:39[39m level: [31merror[39m message: Operation `properties.countDocuments()` buffering timed out after 10000msOperation `properties.countDocuments()` buffering timed out after 10000ms stack: MongooseError: Operation `properties.countDocuments()` buffering timed out after 10000ms
    at Timeout.<anonymous> (C:\CREDITCLAN\MY_PROJECT\mern_stack\server\node_modules\mongoose\lib\drivers\node-mongodb-native\collection.js:151:23)
    at listOnTimeout (internal/timers.js:554:17)
    at processTimers (internal/timers.js:497:7) }
{ time: [34m03-07-2022 20:21:52[39m level: [31merror[39m message: Operation `properties.countDocuments()` buffering timed out after 10000msOperation `properties.countDocuments()` buffering timed out after 10000ms stack: MongooseError: Operation `properties.countDocuments()` buffering timed out after 10000ms
    at Timeout.<anonymous> (C:\CREDITCLAN\MY_PROJECT\mern_stack\server\node_modules\mongoose\lib\drivers\node-mongodb-native\collection.js:151:23)
    at listOnTimeout (internal/timers.js:554:17)
    at processTimers (internal/timers.js:497:7) }
{ time: [34m03-07-2022 20:22:06[39m level: [31merror[39m message: Operation `properties.countDocuments()` buffering timed out after 10000msOperation `properties.countDocuments()` buffering timed out after 10000ms stack: MongooseError: Operation `properties.countDocuments()` buffering timed out after 10000ms
    at Timeout.<anonymous> (C:\CREDITCLAN\MY_PROJECT\mern_stack\server\node_modules\mongoose\lib\drivers\node-mongodb-native\collection.js:151:23)
    at listOnTimeout (internal/timers.js:554:17)
    at processTimers (internal/timers.js:497:7) }
{ time: [34m03-07-2022 20:22:38[39m level: [31merror[39m message: Cast to ObjectId failed for value "option" (type string) at path "_id" for model "properties"Cast to ObjectId failed for value "option" (type string) at path "_id" for model "properties" stack: CastError: Cast to ObjectId failed for value "option" (type string) at path "_id" for model "properties"
    at model.Query.exec (C:\CREDITCLAN\MY_PROJECT\mern_stack\server\node_modules\mongoose\lib\query.js:4650:21)
    at model.Query.Query.then (C:\CREDITCLAN\MY_PROJECT\mern_stack\server\node_modules\mongoose\lib\query.js:4749:15)
    at processTicksAndRejections (internal/process/task_queues.js:93:5) }
{ time: [34m03-07-2022 20:22:39[39m level: [31merror[39m message: Cast to ObjectId failed for value "option" (type string) at path "_id" for model "properties"Cast to ObjectId failed for value "option" (type string) at path "_id" for model "properties" stack: CastError: Cast to ObjectId failed for value "option" (type string) at path "_id" for model "properties"
    at model.Query.exec (C:\CREDITCLAN\MY_PROJECT\mern_stack\server\node_modules\mongoose\lib\query.js:4650:21)
    at model.Query.Query.then (C:\CREDITCLAN\MY_PROJECT\mern_stack\server\node_modules\mongoose\lib\query.js:4749:15)
    at processTicksAndRejections (internal/process/task_queues.js:93:5) }
{ time: [34m03-07-2022 20:22:41[39m level: [31merror[39m message: Cast to ObjectId failed for value "option" (type string) at path "_id" for model "properties"Cast to ObjectId failed for value "option" (type string) at path "_id" for model "properties" stack: CastError: Cast to ObjectId failed for value "option" (type string) at path "_id" for model "properties"
    at model.Query.exec (C:\CREDITCLAN\MY_PROJECT\mern_stack\server\node_modules\mongoose\lib\query.js:4650:21)
    at model.Query.Query.then (C:\CREDITCLAN\MY_PROJECT\mern_stack\server\node_modules\mongoose\lib\query.js:4749:15)
    at processTicksAndRejections (internal/process/task_queues.js:93:5) }
{ time: [34m03-07-2022 20:23:19[39m level: [31merror[39m message: Cast to ObjectId failed for value "option" (type string) at path "_id" for model "properties"Cast to ObjectId failed for value "option" (type string) at path "_id" for model "properties" stack: CastError: Cast to ObjectId failed for value "option" (type string) at path "_id" for model "properties"
    at model.Query.exec (C:\CREDITCLAN\MY_PROJECT\mern_stack\server\node_modules\mongoose\lib\query.js:4650:21)
    at model.Query.Query.then (C:\CREDITCLAN\MY_PROJECT\mern_stack\server\node_modules\mongoose\lib\query.js:4749:15)
    at processTicksAndRejections (internal/process/task_queues.js:93:5) }
{ time: [34m03-07-2022 20:52:19[39m level: [31merror[39m message: result is not definedresult is not defined stack: ReferenceError: result is not defined
    at exports.getOption (C:\CREDITCLAN\MY_PROJECT\mern_stack\server\controllers\property.controller.js:177:3)
    at processTicksAndRejections (internal/process/task_queues.js:93:5) }
{ time: [34m03-07-2022 20:52:20[39m level: [31merror[39m message: result is not definedresult is not defined stack: ReferenceError: result is not defined
    at exports.getOption (C:\CREDITCLAN\MY_PROJECT\mern_stack\server\controllers\property.controller.js:177:3)
    at processTicksAndRejections (internal/process/task_queues.js:93:5) }
{ time: [34m03-07-2022 20:52:22[39m level: [31merror[39m message: result is not definedresult is not defined stack: ReferenceError: result is not defined
    at exports.getOption (C:\CREDITCLAN\MY_PROJECT\mern_stack\server\controllers\property.controller.js:177:3)
    at processTicksAndRejections (internal/process/task_queues.js:93:5) }
{ time: [34m03-07-2022 20:52:26[39m level: [31merror[39m message: result is not definedresult is not defined stack: ReferenceError: result is not defined
    at exports.getOption (C:\CREDITCLAN\MY_PROJECT\mern_stack\server\controllers\property.controller.js:177:3)
    at processTicksAndRejections (internal/process/task_queues.js:93:5) }
{ time: [34m04-07-2022 17:29:33[39m level: [31merror[39m message: E11000 duplicate key error collection: mern_stack_db.users index: email_1 dup key: { email: "babatunde@gmail.com" }E11000 duplicate key error collection: mern_stack_db.users index: email_1 dup key: { email: "babatunde@gmail.com" } stack: MongoServerError: E11000 duplicate key error collection: mern_stack_db.users index: email_1 dup key: { email: "babatunde@gmail.com" }
    at C:\CREDITCLAN\MY_PROJECT\chat-app\server\node_modules\mongodb\lib\operations\insert.js:51:33
    at C:\CREDITCLAN\MY_PROJECT\chat-app\server\node_modules\mongodb\lib\cmap\connection_pool.js:273:25
    at handleOperationResult (C:\CREDITCLAN\MY_PROJECT\chat-app\server\node_modules\mongodb\lib\sdam\server.js:363:9)
    at MessageStream.messageHandler (C:\CREDITCLAN\MY_PROJECT\chat-app\server\node_modules\mongodb\lib\cmap\connection.js:474:9)
    at MessageStream.emit (events.js:315:20)
    at processIncomingData (C:\CREDITCLAN\MY_PROJECT\chat-app\server\node_modules\mongodb\lib\cmap\message_stream.js:108:16)
    at MessageStream._write (C:\CREDITCLAN\MY_PROJECT\chat-app\server\node_modules\mongodb\lib\cmap\message_stream.js:28:9)
    at writeOrBuffer (internal/streams/writable.js:358:12)
    at MessageStream.Writable.write (internal/streams/writable.js:303:10)
    at Socket.ondata (internal/streams/readable.js:719:22) }
{ time: [34m04-07-2022 17:43:37[39m level: [31merror[39m message: Cannot read property 'password' of nullCannot read property 'password' of null stack: TypeError: Cannot read property 'password' of null
    at exports.loginUser (C:\CREDITCLAN\MY_PROJECT\chat-app\server\controllers\user.controller.js:19:68)
    at processTicksAndRejections (internal/process/task_queues.js:93:5) }
{ time: [34m04-07-2022 17:44:19[39m level: [31merror[39m message: Cannot read property 'password' of nullCannot read property 'password' of null stack: TypeError: Cannot read property 'password' of null
    at exports.loginUser (C:\CREDITCLAN\MY_PROJECT\chat-app\server\controllers\user.controller.js:19:68)
    at processTicksAndRejections (internal/process/task_queues.js:93:5) }
{ time: [34m04-07-2022 17:44:34[39m level: [31merror[39m message: Cannot read property 'password' of nullCannot read property 'password' of null stack: TypeError: Cannot read property 'password' of null
    at exports.loginUser (C:\CREDITCLAN\MY_PROJECT\chat-app\server\controllers\user.controller.js:19:68)
    at processTicksAndRejections (internal/process/task_queues.js:93:5) }
{ time: [34m04-07-2022 17:47:08[39m level: [31merror[39m message: Cannot read property 'password' of nullCannot read property 'password' of null stack: TypeError: Cannot read property 'password' of null
    at exports.loginUser (C:\CREDITCLAN\MY_PROJECT\chat-app\server\controllers\user.controller.js:19:68)
    at processTicksAndRejections (internal/process/task_queues.js:93:5) }
{ time: [34m04-07-2022 18:05:58[39m level: [31merror[39m message: Options contain unknown keys: minDomainAtomsOptions contain unknown keys: minDomainAtoms stack: Error: Options contain unknown keys: minDomainAtoms
    at new module.exports (C:\CREDITCLAN\MY_PROJECT\chat-app\server\node_modules\@hapi\hoek\lib\error.js:23:19)
    at module.exports (C:\CREDITCLAN\MY_PROJECT\chat-app\server\node_modules\@hapi\hoek\lib\assert.js:20:11)
    at Object.exports.assertOptions (C:\CREDITCLAN\MY_PROJECT\chat-app\server\node_modules\joi\lib\common.js:69:5)
    at internals.Base.method [as email] (C:\CREDITCLAN\MY_PROJECT\chat-app\server\node_modules\joi\lib\types\string.js:286:24)
    at validateLogin (C:\CREDITCLAN\MY_PROJECT\chat-app\server\validator\user\login-validator.js:5:32)
    at exports.loginUser (C:\CREDITCLAN\MY_PROJECT\chat-app\server\controllers\user.controller.js:21:21)
    at C:\CREDITCLAN\MY_PROJECT\chat-app\server\node_modules\express-async-errors\index.js:17:20
    at Layer.handle [as handle_request] (C:\CREDITCLAN\MY_PROJECT\chat-app\server\node_modules\express\lib\router\layer.js:95:5)
    at next (C:\CREDITCLAN\MY_PROJECT\chat-app\server\node_modules\express\lib\router\route.js:137:13)
    at Route.dispatch (C:\CREDITCLAN\MY_PROJECT\chat-app\server\node_modules\express\lib\router\route.js:112:3) }
{ time: [34m04-07-2022 18:07:02[39m level: [31merror[39m message: Joi.min is not a functionJoi.min is not a function stack: TypeError: Joi.min is not a function
    at validateLogin (C:\CREDITCLAN\MY_PROJECT\chat-app\server\validator\user\login-validator.js:6:19)
    at exports.loginUser (C:\CREDITCLAN\MY_PROJECT\chat-app\server\controllers\user.controller.js:21:21)
    at C:\CREDITCLAN\MY_PROJECT\chat-app\server\node_modules\express-async-errors\index.js:17:20
    at Layer.handle [as handle_request] (C:\CREDITCLAN\MY_PROJECT\chat-app\server\node_modules\express\lib\router\layer.js:95:5)
    at next (C:\CREDITCLAN\MY_PROJECT\chat-app\server\node_modules\express\lib\router\route.js:137:13)
    at Route.dispatch (C:\CREDITCLAN\MY_PROJECT\chat-app\server\node_modules\express\lib\router\route.js:112:3)
    at C:\CREDITCLAN\MY_PROJECT\chat-app\server\node_modules\express-async-errors\index.js:17:20
    at Layer.handle [as handle_request] (C:\CREDITCLAN\MY_PROJECT\chat-app\server\node_modules\express\lib\router\layer.js:95:5)
    at C:\CREDITCLAN\MY_PROJECT\chat-app\server\node_modules\express\lib\router\index.js:281:22
    at Function.process_params (C:\CREDITCLAN\MY_PROJECT\chat-app\server\node_modules\express\lib\router\index.js:341:12) }
{ time: [34m04-07-2022 20:02:58[39m level: [31merror[39m message: User validation failed: username: Path `username` is required.User validation failed: username: Path `username` is required. stack: ValidationError: User validation failed: username: Path `username` is required.
    at model.Document.invalidate (C:\CREDITCLAN\MY_PROJECT\chat-app\server\node_modules\mongoose\lib\document.js:2938:32)
    at C:\CREDITCLAN\MY_PROJECT\chat-app\server\node_modules\mongoose\lib\document.js:2727:17
    at C:\CREDITCLAN\MY_PROJECT\chat-app\server\node_modules\mongoose\lib\schematype.js:1323:9
    at processTicksAndRejections (internal/process/task_queues.js:75:11) }
{ time: [34m04-07-2022 20:04:39[39m level: [31merror[39m message: User validation failed: username: Path `username` is required.User validation failed: username: Path `username` is required. stack: ValidationError: User validation failed: username: Path `username` is required.
    at model.Document.invalidate (C:\CREDITCLAN\MY_PROJECT\chat-app\server\node_modules\mongoose\lib\document.js:2938:32)
    at C:\CREDITCLAN\MY_PROJECT\chat-app\server\node_modules\mongoose\lib\document.js:2727:17
    at C:\CREDITCLAN\MY_PROJECT\chat-app\server\node_modules\mongoose\lib\schematype.js:1323:9
    at processTicksAndRejections (internal/process/task_queues.js:75:11) }
{ time: [34m04-07-2022 20:04:49[39m level: [31merror[39m message: User validation failed: username: Path `username` is required.User validation failed: username: Path `username` is required. stack: ValidationError: User validation failed: username: Path `username` is required.
    at model.Document.invalidate (C:\CREDITCLAN\MY_PROJECT\chat-app\server\node_modules\mongoose\lib\document.js:2938:32)
    at C:\CREDITCLAN\MY_PROJECT\chat-app\server\node_modules\mongoose\lib\document.js:2727:17
    at C:\CREDITCLAN\MY_PROJECT\chat-app\server\node_modules\mongoose\lib\schematype.js:1323:9
    at processTicksAndRejections (internal/process/task_queues.js:75:11) }
{ time: [34m04-07-2022 20:07:07[39m level: [31merror[39m message: User validation failed: username: Path `username` is required.User validation failed: username: Path `username` is required. stack: ValidationError: User validation failed: username: Path `username` is required.
    at model.Document.invalidate (C:\CREDITCLAN\MY_PROJECT\chat-app\server\node_modules\mongoose\lib\document.js:2938:32)
    at C:\CREDITCLAN\MY_PROJECT\chat-app\server\node_modules\mongoose\lib\document.js:2727:17
    at C:\CREDITCLAN\MY_PROJECT\chat-app\server\node_modules\mongoose\lib\schematype.js:1323:9
    at processTicksAndRejections (internal/process/task_queues.js:75:11) }
{ time: [34m04-07-2022 20:07:10[39m level: [31merror[39m message: User validation failed: username: Path `username` is required.User validation failed: username: Path `username` is required. stack: ValidationError: User validation failed: username: Path `username` is required.
    at model.Document.invalidate (C:\CREDITCLAN\MY_PROJECT\chat-app\server\node_modules\mongoose\lib\document.js:2938:32)
    at C:\CREDITCLAN\MY_PROJECT\chat-app\server\node_modules\mongoose\lib\document.js:2727:17
    at C:\CREDITCLAN\MY_PROJECT\chat-app\server\node_modules\mongoose\lib\schematype.js:1323:9
    at processTicksAndRejections (internal/process/task_queues.js:75:11) }
{ time: [34m04-07-2022 20:08:08[39m level: [31merror[39m message: User validation failed: username: Path `username` is required.User validation failed: username: Path `username` is required. stack: ValidationError: User validation failed: username: Path `username` is required.
    at model.Document.invalidate (C:\CREDITCLAN\MY_PROJECT\chat-app\server\node_modules\mongoose\lib\document.js:2938:32)
    at C:\CREDITCLAN\MY_PROJECT\chat-app\server\node_modules\mongoose\lib\document.js:2727:17
    at C:\CREDITCLAN\MY_PROJECT\chat-app\server\node_modules\mongoose\lib\schematype.js:1323:9
    at processTicksAndRejections (internal/process/task_queues.js:75:11) }
{ time: [34m04-07-2022 21:09:12[39m level: [31merror[39m message: User validation failed: username: Path `username` is required.User validation failed: username: Path `username` is required. stack: ValidationError: User validation failed: username: Path `username` is required.
    at model.Document.invalidate (C:\CREDITCLAN\MY_PROJECT\chat-app\server\node_modules\mongoose\lib\document.js:2938:32)
    at C:\CREDITCLAN\MY_PROJECT\chat-app\server\node_modules\mongoose\lib\document.js:2727:17
    at C:\CREDITCLAN\MY_PROJECT\chat-app\server\node_modules\mongoose\lib\schematype.js:1323:9
    at processTicksAndRejections (internal/process/task_queues.js:75:11) }
{ time: [34m04-07-2022 21:09:36[39m level: [31merror[39m message: User validation failed: username: Path `username` is required.User validation failed: username: Path `username` is required. stack: ValidationError: User validation failed: username: Path `username` is required.
    at model.Document.invalidate (C:\CREDITCLAN\MY_PROJECT\chat-app\server\node_modules\mongoose\lib\document.js:2938:32)
    at C:\CREDITCLAN\MY_PROJECT\chat-app\server\node_modules\mongoose\lib\document.js:2727:17
    at C:\CREDITCLAN\MY_PROJECT\chat-app\server\node_modules\mongoose\lib\schematype.js:1323:9
    at processTicksAndRejections (internal/process/task_queues.js:75:11) }
{ time: [34m04-07-2022 21:36:18[39m level: [31merror[39m message: findByIdAndUpdate is not definedfindByIdAndUpdate is not defined stack: ReferenceError: findByIdAndUpdate is not defined
    at exports.updateUserInfo (C:\CREDITCLAN\MY_PROJECT\chat-app\server\controllers\user.controller.js:14:21)
    at processTicksAndRejections (internal/process/task_queues.js:93:5) }
{ time: [34m04-07-2022 21:38:23[39m level: [31merror[39m message: updateOne is not definedupdateOne is not defined stack: ReferenceError: updateOne is not defined
    at exports.updateUserInfo (C:\CREDITCLAN\MY_PROJECT\chat-app\server\controllers\user.controller.js:14:21)
    at processTicksAndRejections (internal/process/task_queues.js:93:5) }
{ time: [34m04-07-2022 21:39:36[39m level: [31merror[39m message: Parameter "filter" to updateOne() must be an object, got 62c315b0fb59f705048cb0abParameter "filter" to updateOne() must be an object, got 62c315b0fb59f705048cb0ab stack: ObjectParameterError: Parameter "filter" to updateOne() must be an object, got 62c315b0fb59f705048cb0ab
    at _update (C:\CREDITCLAN\MY_PROJECT\chat-app\server\node_modules\mongoose\lib\query.js:4488:17)
    at model.Query.Query.updateOne (C:\CREDITCLAN\MY_PROJECT\chat-app\server\node_modules\mongoose\lib\query.js:4400:10)
    at _update (C:\CREDITCLAN\MY_PROJECT\chat-app\server\node_modules\mongoose\lib\model.js:4010:16)
    at Function.updateOne (C:\CREDITCLAN\MY_PROJECT\chat-app\server\node_modules\mongoose\lib\model.js:3942:10)
    at exports.updateUserInfo (C:\CREDITCLAN\MY_PROJECT\chat-app\server\controllers\user.controller.js:14:32)
    at processTicksAndRejections (internal/process/task_queues.js:93:5) }
{ time: [34m04-07-2022 21:40:51[39m level: [31merror[39m message: updatedUser is not definedupdatedUser is not defined stack: ReferenceError: updatedUser is not defined
    at exports.updateUserInfo (C:\CREDITCLAN\MY_PROJECT\chat-app\server\controllers\user.controller.js:26:30)
    at processTicksAndRejections (internal/process/task_queues.js:93:5) }
{ time: [34m04-07-2022 22:17:21[39m level: [31merror[39m message: deleteOne is not defineddeleteOne is not defined stack: ReferenceError: deleteOne is not defined
    at exports.deleteUser (C:\CREDITCLAN\MY_PROJECT\chat-app\server\controllers\user.controller.js:63:5)
    at processTicksAndRejections (internal/process/task_queues.js:93:5) }
{ time: [34m05-07-2022 13:59:59[39m level: [31merror[39m message: User is not definedUser is not defined stack: ReferenceError: User is not defined
    at exports.timeLinePost (C:\CREDITCLAN\MY_PROJECT\chat-app\server\controllers\post.controller.js:21:23)
    at C:\CREDITCLAN\MY_PROJECT\chat-app\server\node_modules\express-async-errors\index.js:17:20
    at Layer.handle [as handle_request] (C:\CREDITCLAN\MY_PROJECT\chat-app\server\node_modules\express\lib\router\layer.js:95:5)
    at next (C:\CREDITCLAN\MY_PROJECT\chat-app\server\node_modules\express\lib\router\route.js:137:13)
    at C:\CREDITCLAN\MY_PROJECT\chat-app\server\middleware\auth.js:12:9
    at C:\CREDITCLAN\MY_PROJECT\chat-app\server\node_modules\jsonwebtoken\verify.js:223:12
    at getSecret (C:\CREDITCLAN\MY_PROJECT\chat-app\server\node_modules\jsonwebtoken\verify.js:90:14)
    at Object.module.exports [as verify] (C:\CREDITCLAN\MY_PROJECT\chat-app\server\node_modules\jsonwebtoken\verify.js:94:10)
    at exports.isAuth (C:\CREDITCLAN\MY_PROJECT\chat-app\server\middleware\auth.js:7:9)
    at C:\CREDITCLAN\MY_PROJECT\chat-app\server\node_modules\express-async-errors\index.js:17:20 }
{ time: [34m16-07-2022 15:43:07[39m level: [31merror[39m message: Unexpected token t in JSON at position 16Unexpected token t in JSON at position 16 stack: SyntaxError: Unexpected token t in JSON at position 16
    at JSON.parse (<anonymous>)
    at parse (/Users/Apple/Desktop/project/social_app/server/node_modules/body-parser/lib/types/json.js:89:19)
    at /Users/Apple/Desktop/project/social_app/server/node_modules/body-parser/lib/read.js:121:18
    at invokeCallback (/Users/Apple/Desktop/project/social_app/server/node_modules/raw-body/index.js:224:16)
    at done (/Users/Apple/Desktop/project/social_app/server/node_modules/raw-body/index.js:213:7)
    at IncomingMessage.onEnd (/Users/Apple/Desktop/project/social_app/server/node_modules/raw-body/index.js:273:7)
    at IncomingMessage.emit (node:events:539:35)
    at endReadableNT (node:internal/streams/readable:1345:12)
    at processTicksAndRejections (node:internal/process/task_queues:83:21) }
{ time: [34m16-07-2022 15:43:23[39m level: [31merror[39m message: Unexpected token t in JSON at position 17Unexpected token t in JSON at position 17 stack: SyntaxError: Unexpected token t in JSON at position 17
    at JSON.parse (<anonymous>)
    at parse (/Users/Apple/Desktop/project/social_app/server/node_modules/body-parser/lib/types/json.js:89:19)
    at /Users/Apple/Desktop/project/social_app/server/node_modules/body-parser/lib/read.js:121:18
    at invokeCallback (/Users/Apple/Desktop/project/social_app/server/node_modules/raw-body/index.js:224:16)
    at done (/Users/Apple/Desktop/project/social_app/server/node_modules/raw-body/index.js:213:7)
    at IncomingMessage.onEnd (/Users/Apple/Desktop/project/social_app/server/node_modules/raw-body/index.js:273:7)
    at IncomingMessage.emit (node:events:539:35)
    at endReadableNT (node:internal/streams/readable:1345:12)
    at processTicksAndRejections (node:internal/process/task_queues:83:21) }
{ time: [34m17-07-2022 09:07:52[39m level: [31merror[39m message: E11000 duplicate key error collection: chat_app.users index: username_1 dup key: { username: "praise" }E11000 duplicate key error collection: chat_app.users index: username_1 dup key: { username: "praise" } stack: MongoServerError: E11000 duplicate key error collection: chat_app.users index: username_1 dup key: { username: "praise" }
    at /Users/Apple/Desktop/project/social_app/server/node_modules/mongodb/lib/operations/insert.js:51:33
    at /Users/Apple/Desktop/project/social_app/server/node_modules/mongodb/lib/cmap/connection_pool.js:273:25
    at handleOperationResult (/Users/Apple/Desktop/project/social_app/server/node_modules/mongodb/lib/sdam/server.js:363:9)
    at MessageStream.messageHandler (/Users/Apple/Desktop/project/social_app/server/node_modules/mongodb/lib/cmap/connection.js:474:9)
    at MessageStream.emit (node:events:527:28)
    at processIncomingData (/Users/Apple/Desktop/project/social_app/server/node_modules/mongodb/lib/cmap/message_stream.js:108:16)
    at MessageStream._write (/Users/Apple/Desktop/project/social_app/server/node_modules/mongodb/lib/cmap/message_stream.js:28:9)
    at writeOrBuffer (node:internal/streams/writable:389:12)
    at _write (node:internal/streams/writable:330:10)
    at MessageStream.Writable.write (node:internal/streams/writable:334:10) }
{ time: [34m17-07-2022 17:06:32[39m level: [31merror[39m message: Cannot read properties of null (reading 'postImg')Cannot read properties of null (reading 'postImg') stack: TypeError: Cannot read properties of null (reading 'postImg')
    at exports.createPost (/Users/Apple/Desktop/project/social_app/server/controllers/post.controller.js:18:46)
    at /Users/Apple/Desktop/project/social_app/server/node_modules/express-async-errors/index.js:17:20
    at Layer.handle [as handle_request] (/Users/Apple/Desktop/project/social_app/server/node_modules/express/lib/router/layer.js:95:5)
    at next (/Users/Apple/Desktop/project/social_app/server/node_modules/express/lib/router/route.js:137:13)
    at /Users/Apple/Desktop/project/social_app/server/middleware/auth.js:12:9
    at /Users/Apple/Desktop/project/social_app/server/node_modules/jsonwebtoken/verify.js:223:12
    at getSecret (/Users/Apple/Desktop/project/social_app/server/node_modules/jsonwebtoken/verify.js:90:14)
    at Object.module.exports [as verify] (/Users/Apple/Desktop/project/social_app/server/node_modules/jsonwebtoken/verify.js:94:10)
    at exports.isAuth (/Users/Apple/Desktop/project/social_app/server/middleware/auth.js:7:9)
    at /Users/Apple/Desktop/project/social_app/server/node_modules/express-async-errors/index.js:17:20 }
{ time: [34m25-07-2022 08:55:46[39m level: [31merror[39m message: fetch is not definedfetch is not defined stack: ReferenceError: fetch is not defined
    at exports.getTodo (/Users/Apple/Desktop/project/social_app/server/controllers/post.controller.js:134:20)
    at /Users/Apple/Desktop/project/social_app/server/node_modules/express-async-errors/index.js:17:20
    at Layer.handle [as handle_request] (/Users/Apple/Desktop/project/social_app/server/node_modules/express/lib/router/layer.js:95:5)
    at next (/Users/Apple/Desktop/project/social_app/server/node_modules/express/lib/router/route.js:137:13)
    at Route.dispatch (/Users/Apple/Desktop/project/social_app/server/node_modules/express/lib/router/route.js:112:3)
    at /Users/Apple/Desktop/project/social_app/server/node_modules/express-async-errors/index.js:17:20
    at Layer.handle [as handle_request] (/Users/Apple/Desktop/project/social_app/server/node_modules/express/lib/router/layer.js:95:5)
    at /Users/Apple/Desktop/project/social_app/server/node_modules/express/lib/router/index.js:281:22
    at Function.process_params (/Users/Apple/Desktop/project/social_app/server/node_modules/express/lib/router/index.js:341:12)
    at next (/Users/Apple/Desktop/project/social_app/server/node_modules/express/lib/router/index.js:275:10) }
{ time: [34m25-07-2022 09:07:37[39m level: [31merror[39m message: connect ETIMEDOUT 188.114.96.5:443 stack: Error: connect ETIMEDOUT 188.114.96.5:443
    at TCPConnectWrap.afterConnect [as oncomplete] (node:net:1187:16) }
{ time: [34m25-07-2022 09:15:17[39m level: [31merror[39m message: all_todo.map is not a functionall_todo.map is not a function stack: TypeError: all_todo.map is not a function
    at exports.getTodo (/Users/Apple/Desktop/project/social_app/server/controllers/post.controller.js:137:14)
    at processTicksAndRejections (node:internal/process/task_queues:96:5) }
{ time: [34m25-07-2022 09:35:08[39m level: [31merror[39m message: end_result is not definedend_result is not defined stack: ReferenceError: end_result is not defined
    at exports.getTodo (/Users/Apple/Desktop/project/social_app/server/controllers/post.controller.js:150:19)
    at processTicksAndRejections (node:internal/process/task_queues:96:5) }
{ time: [34m27-07-2022 17:31:54[39m level: [31merror[39m message: Cannot read properties of null (reading '_id')Cannot read properties of null (reading '_id') stack: TypeError: Cannot read properties of null (reading '_id')
    at exports.getFriends (/Users/Apple/Desktop/project/social_app/server/controllers/user.controller.js:94:81)
    at processTicksAndRejections (node:internal/process/task_queues:96:5) }
{ time: [34m27-07-2022 17:32:21[39m level: [31merror[39m message: Cannot read properties of null (reading '_id')Cannot read properties of null (reading '_id') stack: TypeError: Cannot read properties of null (reading '_id')
    at exports.getFriends (/Users/Apple/Desktop/project/social_app/server/controllers/user.controller.js:94:81)
    at processTicksAndRejections (node:internal/process/task_queues:96:5) }
{ time: [34m27-07-2022 18:30:06[39m level: [31merror[39m message: Cannot read properties of null (reading '_id')Cannot read properties of null (reading '_id') stack: TypeError: Cannot read properties of null (reading '_id')
    at exports.timeLinePost (/Users/Apple/Desktop/project/social_app/server/controllers/post.controller.js:49:82)
    at processTicksAndRejections (node:internal/process/task_queues:96:5) }
{ time: [34m27-07-2022 18:30:06[39m level: [31merror[39m message: Cannot read properties of null (reading '_id')Cannot read properties of null (reading '_id') stack: TypeError: Cannot read properties of null (reading '_id')
    at exports.getFriends (/Users/Apple/Desktop/project/social_app/server/controllers/user.controller.js:94:82)
    at processTicksAndRejections (node:internal/process/task_queues:96:5) }
{ time: [34m27-07-2022 18:30:07[39m level: [31merror[39m message: Cannot read properties of null (reading '_id')Cannot read properties of null (reading '_id') stack: TypeError: Cannot read properties of null (reading '_id')
    at exports.timeLinePost (/Users/Apple/Desktop/project/social_app/server/controllers/post.controller.js:49:82)
    at processTicksAndRejections (node:internal/process/task_queues:96:5) }
{ time: [34m27-07-2022 18:30:08[39m level: [31merror[39m message: Cannot read properties of null (reading '_id')Cannot read properties of null (reading '_id') stack: TypeError: Cannot read properties of null (reading '_id')
    at exports.getFriends (/Users/Apple/Desktop/project/social_app/server/controllers/user.controller.js:94:82)
    at processTicksAndRejections (node:internal/process/task_queues:96:5) }
{ time: [34m27-07-2022 18:30:09[39m level: [31merror[39m message: Cannot read properties of null (reading '_id')Cannot read properties of null (reading '_id') stack: TypeError: Cannot read properties of null (reading '_id')
    at exports.timeLinePost (/Users/Apple/Desktop/project/social_app/server/controllers/post.controller.js:49:82)
    at processTicksAndRejections (node:internal/process/task_queues:96:5) }
{ time: [34m27-07-2022 18:30:12[39m level: [31merror[39m message: Cannot read properties of null (reading '_id')Cannot read properties of null (reading '_id') stack: TypeError: Cannot read properties of null (reading '_id')
    at exports.getFriends (/Users/Apple/Desktop/project/social_app/server/controllers/user.controller.js:94:82)
    at processTicksAndRejections (node:internal/process/task_queues:96:5) }
{ time: [34m27-07-2022 18:30:34[39m level: [31merror[39m message: Cannot read properties of null (reading '_id')Cannot read properties of null (reading '_id') stack: TypeError: Cannot read properties of null (reading '_id')
    at exports.getFriends (/Users/Apple/Desktop/project/social_app/server/controllers/user.controller.js:94:82)
    at processTicksAndRejections (node:internal/process/task_queues:96:5) }
{ time: [34m27-07-2022 18:30:34[39m level: [31merror[39m message: Cannot read properties of null (reading '_id')Cannot read properties of null (reading '_id') stack: TypeError: Cannot read properties of null (reading '_id')
    at exports.timeLinePost (/Users/Apple/Desktop/project/social_app/server/controllers/post.controller.js:49:82)
    at processTicksAndRejections (node:internal/process/task_queues:96:5)
    at runNextTicks (node:internal/process/task_queues:65:3)
    at processImmediate (node:internal/timers:437:9) }
{ time: [34m27-07-2022 18:30:35[39m level: [31merror[39m message: Cannot read properties of null (reading '_id')Cannot read properties of null (reading '_id') stack: TypeError: Cannot read properties of null (reading '_id')
    at exports.getFriends (/Users/Apple/Desktop/project/social_app/server/controllers/user.controller.js:94:82)
    at processTicksAndRejections (node:internal/process/task_queues:96:5) }
{ time: [34m27-07-2022 18:30:35[39m level: [31merror[39m message: Cannot read properties of null (reading '_id')Cannot read properties of null (reading '_id') stack: TypeError: Cannot read properties of null (reading '_id')
    at exports.timeLinePost (/Users/Apple/Desktop/project/social_app/server/controllers/post.controller.js:49:82)
    at processTicksAndRejections (node:internal/process/task_queues:96:5) }
{ time: [34m27-07-2022 18:30:38[39m level: [31merror[39m message: Cannot read properties of null (reading '_id')Cannot read properties of null (reading '_id') stack: TypeError: Cannot read properties of null (reading '_id')
    at exports.timeLinePost (/Users/Apple/Desktop/project/social_app/server/controllers/post.controller.js:49:82)
    at processTicksAndRejections (node:internal/process/task_queues:96:5)
    at runNextTicks (node:internal/process/task_queues:65:3)
    at processImmediate (node:internal/timers:437:9) }
{ time: [34m27-07-2022 18:30:38[39m level: [31merror[39m message: Cannot read properties of null (reading '_id')Cannot read properties of null (reading '_id') stack: TypeError: Cannot read properties of null (reading '_id')
    at exports.getFriends (/Users/Apple/Desktop/project/social_app/server/controllers/user.controller.js:94:82)
    at processTicksAndRejections (node:internal/process/task_queues:96:5) }
{ time: [34m27-07-2022 18:30:42[39m level: [31merror[39m message: Cannot read properties of null (reading '_id')Cannot read properties of null (reading '_id') stack: TypeError: Cannot read properties of null (reading '_id')
    at exports.timeLinePost (/Users/Apple/Desktop/project/social_app/server/controllers/post.controller.js:49:82)
    at processTicksAndRejections (node:internal/process/task_queues:96:5) }
{ time: [34m27-07-2022 18:30:42[39m level: [31merror[39m message: Cannot read properties of null (reading '_id')Cannot read properties of null (reading '_id') stack: TypeError: Cannot read properties of null (reading '_id')
    at exports.getFriends (/Users/Apple/Desktop/project/social_app/server/controllers/user.controller.js:94:82)
    at processTicksAndRejections (node:internal/process/task_queues:96:5)
    at runNextTicks (node:internal/process/task_queues:65:3)
    at processImmediate (node:internal/timers:437:9) }
{ time: [34m27-07-2022 18:34:30[39m level: [31merror[39m message: Cannot read properties of null (reading '_id')Cannot read properties of null (reading '_id') stack: TypeError: Cannot read properties of null (reading '_id')
    at exports.getFriends (/Users/Apple/Desktop/project/social_app/server/controllers/user.controller.js:94:82)
    at processTicksAndRejections (node:internal/process/task_queues:96:5) }
